This is pdfTeX, Version 3.1415926-2.4-1.40.13 (TeX Live 2012/Debian) (format=pdflatex 2014.10.23)  24 MAY 2015 11:10
entering extended mode
 restricted \write18 enabled.
 %&-line parsing enabled.
**"fis_veg_appunti_book .tex"
(./fis_veg_appunti_book .tex
LaTeX2e <2011/06/27>
Babel <v3.8m> and hyphenation patterns for english, dumylang, nohyphenation, et
hiopic, farsi, arabic, pinyin, croatian, bulgarian, ukrainian, russian, slovak,
 czech, danish, dutch, usenglishmax, ukenglish, finnish, french, basque, ngerma
n, german, swissgerman, ngerman-x-2012-05-30, german-x-2012-05-30, monogreek, g
reek, ibycus, ancientgreek, hungarian, bengali, tamil, hindi, telugu, gujarati,
 sanskrit, malayalam, kannada, assamese, marathi, oriya, panjabi, italian, lati
n, latvian, lithuanian, mongolian, mongolianlmc, nynorsk, bokmal, indonesian, e
speranto, coptic, welsh, irish, interlingua, serbian, serbianc, slovenian, friu
lan, romansh, estonian, romanian, armenian, uppersorbian, turkish, afrikaans, i
celandic, kurmanji, polish, portuguese, galician, catalan, spanish, swedish, th
ai, loaded.
(/usr/share/texlive/texmf-dist/tex/latex/base/book.cls
Document Class: book 2007/10/19 v1.4h Standard LaTeX document class
(/usr/share/texlive/texmf-dist/tex/latex/base/bk12.clo
File: bk12.clo 2007/10/19 v1.4h Standard LaTeX file (size option)
)
\c@part=\count79
\c@chapter=\count80
\c@section=\count81
\c@subsection=\count82
\c@subsubsection=\count83
\c@paragraph=\count84
\c@subparagraph=\count85
\c@figure=\count86
\c@table=\count87
\abovecaptionskip=\skip41
\belowcaptionskip=\skip42
\bibindent=\dimen102
)
(/var/lib/texmf/tex/generic/babel/babel.sty
Package: babel 2008/07/08 v3.8m The Babel package

(/usr/share/texlive/texmf-dist/tex/generic/babel/italian.ldf
Language: italian 2008/03/14 v1.2t Italian support from the babel system

(/usr/share/texlive/texmf-dist/tex/generic/babel/babel.def
File: babel.def 2008/07/08 v3.8m Babel common definitions
\babel@savecnt=\count88
\U@D=\dimen103
)
Package babel Info: Making " an active character on input line 94.
))
(/usr/share/texlive/texmf-dist/tex/latex/base/fontenc.sty
Package: fontenc 2005/09/27 v1.99g Standard LaTeX package

(/usr/share/texlive/texmf-dist/tex/latex/base/t1enc.def
File: t1enc.def 2005/09/27 v1.99g Standard LaTeX file
LaTeX Font Info:    Redeclaring font encoding T1 on input line 43.
))
(/usr/share/texlive/texmf-dist/tex/latex/base/inputenc.sty
Package: inputenc 2008/03/30 v1.1d Input encoding file
\inpenc@prehook=\toks14
\inpenc@posthook=\toks15

(/usr/share/texlive/texmf-dist/tex/latex/base/utf8.def
File: utf8.def 2008/04/05 v1.1m UTF-8 support for inputenc
Now handling font encoding OML ...
... no UTF-8 mapping file for font encoding OML
Now handling font encoding T1 ...
... processing UTF-8 mapping file for font encoding T1

(/usr/share/texlive/texmf-dist/tex/latex/base/t1enc.dfu
File: t1enc.dfu 2008/04/05 v1.1m UTF-8 support for inputenc
   defining Unicode char U+00A1 (decimal 161)
   defining Unicode char U+00A3 (decimal 163)
   defining Unicode char U+00AB (decimal 171)
   defining Unicode char U+00BB (decimal 187)
   defining Unicode char U+00BF (decimal 191)
   defining Unicode char U+00C0 (decimal 192)
   defining Unicode char U+00C1 (decimal 193)
   defining Unicode char U+00C2 (decimal 194)
   defining Unicode char U+00C3 (decimal 195)
   defining Unicode char U+00C4 (decimal 196)
   defining Unicode char U+00C5 (decimal 197)
   defining Unicode char U+00C6 (decimal 198)
   defining Unicode char U+00C7 (decimal 199)
   defining Unicode char U+00C8 (decimal 200)
   defining Unicode char U+00C9 (decimal 201)
   defining Unicode char U+00CA (decimal 202)
   defining Unicode char U+00CB (decimal 203)
   defining Unicode char U+00CC (decimal 204)
   defining Unicode char U+00CD (decimal 205)
   defining Unicode char U+00CE (decimal 206)
   defining Unicode char U+00CF (decimal 207)
   defining Unicode char U+00D0 (decimal 208)
   defining Unicode char U+00D1 (decimal 209)
   defining Unicode char U+00D2 (decimal 210)
   defining Unicode char U+00D3 (decimal 211)
   defining Unicode char U+00D4 (decimal 212)
   defining Unicode char U+00D5 (decimal 213)
   defining Unicode char U+00D6 (decimal 214)
   defining Unicode char U+00D8 (decimal 216)
   defining Unicode char U+00D9 (decimal 217)
   defining Unicode char U+00DA (decimal 218)
   defining Unicode char U+00DB (decimal 219)
   defining Unicode char U+00DC (decimal 220)
   defining Unicode char U+00DD (decimal 221)
   defining Unicode char U+00DE (decimal 222)
   defining Unicode char U+00DF (decimal 223)
   defining Unicode char U+00E0 (decimal 224)
   defining Unicode char U+00E1 (decimal 225)
   defining Unicode char U+00E2 (decimal 226)
   defining Unicode char U+00E3 (decimal 227)
   defining Unicode char U+00E4 (decimal 228)
   defining Unicode char U+00E5 (decimal 229)
   defining Unicode char U+00E6 (decimal 230)
   defining Unicode char U+00E7 (decimal 231)
   defining Unicode char U+00E8 (decimal 232)
   defining Unicode char U+00E9 (decimal 233)
   defining Unicode char U+00EA (decimal 234)
   defining Unicode char U+00EB (decimal 235)
   defining Unicode char U+00EC (decimal 236)
   defining Unicode char U+00ED (decimal 237)
   defining Unicode char U+00EE (decimal 238)
   defining Unicode char U+00EF (decimal 239)
   defining Unicode char U+00F0 (decimal 240)
   defining Unicode char U+00F1 (decimal 241)
   defining Unicode char U+00F2 (decimal 242)
   defining Unicode char U+00F3 (decimal 243)
   defining Unicode char U+00F4 (decimal 244)
   defining Unicode char U+00F5 (decimal 245)
   defining Unicode char U+00F6 (decimal 246)
   defining Unicode char U+00F8 (decimal 248)
   defining Unicode char U+00F9 (decimal 249)
   defining Unicode char U+00FA (decimal 250)
   defining Unicode char U+00FB (decimal 251)
   defining Unicode char U+00FC (decimal 252)
   defining Unicode char U+00FD (decimal 253)
   defining Unicode char U+00FE (decimal 254)
   defining Unicode char U+00FF (decimal 255)
   defining Unicode char U+0102 (decimal 258)
   defining Unicode char U+0103 (decimal 259)
   defining Unicode char U+0104 (decimal 260)
   defining Unicode char U+0105 (decimal 261)
   defining Unicode char U+0106 (decimal 262)
   defining Unicode char U+0107 (decimal 263)
   defining Unicode char U+010C (decimal 268)
   defining Unicode char U+010D (decimal 269)
   defining Unicode char U+010E (decimal 270)
   defining Unicode char U+010F (decimal 271)
   defining Unicode char U+0110 (decimal 272)
   defining Unicode char U+0111 (decimal 273)
   defining Unicode char U+0118 (decimal 280)
   defining Unicode char U+0119 (decimal 281)
   defining Unicode char U+011A (decimal 282)
   defining Unicode char U+011B (decimal 283)
   defining Unicode char U+011E (decimal 286)
   defining Unicode char U+011F (decimal 287)
   defining Unicode char U+0130 (decimal 304)
   defining Unicode char U+0131 (decimal 305)
   defining Unicode char U+0132 (decimal 306)
   defining Unicode char U+0133 (decimal 307)
   defining Unicode char U+0139 (decimal 313)
   defining Unicode char U+013A (decimal 314)
   defining Unicode char U+013D (decimal 317)
   defining Unicode char U+013E (decimal 318)
   defining Unicode char U+0141 (decimal 321)
   defining Unicode char U+0142 (decimal 322)
   defining Unicode char U+0143 (decimal 323)
   defining Unicode char U+0144 (decimal 324)
   defining Unicode char U+0147 (decimal 327)
   defining Unicode char U+0148 (decimal 328)
   defining Unicode char U+014A (decimal 330)
   defining Unicode char U+014B (decimal 331)
   defining Unicode char U+0150 (decimal 336)
   defining Unicode char U+0151 (decimal 337)
   defining Unicode char U+0152 (decimal 338)
   defining Unicode char U+0153 (decimal 339)
   defining Unicode char U+0154 (decimal 340)
   defining Unicode char U+0155 (decimal 341)
   defining Unicode char U+0158 (decimal 344)
   defining Unicode char U+0159 (decimal 345)
   defining Unicode char U+015A (decimal 346)
   defining Unicode char U+015B (decimal 347)
   defining Unicode char U+015E (decimal 350)
   defining Unicode char U+015F (decimal 351)
   defining Unicode char U+0160 (decimal 352)
   defining Unicode char U+0161 (decimal 353)
   defining Unicode char U+0162 (decimal 354)
   defining Unicode char U+0163 (decimal 355)
   defining Unicode char U+0164 (decimal 356)
   defining Unicode char U+0165 (decimal 357)
   defining Unicode char U+016E (decimal 366)
   defining Unicode char U+016F (decimal 367)
   defining Unicode char U+0170 (decimal 368)
   defining Unicode char U+0171 (decimal 369)
   defining Unicode char U+0178 (decimal 376)
   defining Unicode char U+0179 (decimal 377)
   defining Unicode char U+017A (decimal 378)
   defining Unicode char U+017B (decimal 379)
   defining Unicode char U+017C (decimal 380)
   defining Unicode char U+017D (decimal 381)
   defining Unicode char U+017E (decimal 382)
   defining Unicode char U+200C (decimal 8204)
   defining Unicode char U+2013 (decimal 8211)
   defining Unicode char U+2014 (decimal 8212)
   defining Unicode char U+2018 (decimal 8216)
   defining Unicode char U+2019 (decimal 8217)
   defining Unicode char U+201A (decimal 8218)
   defining Unicode char U+201C (decimal 8220)
   defining Unicode char U+201D (decimal 8221)
   defining Unicode char U+201E (decimal 8222)
   defining Unicode char U+2030 (decimal 8240)
   defining Unicode char U+2031 (decimal 8241)
   defining Unicode char U+2039 (decimal 8249)
   defining Unicode char U+203A (decimal 8250)
   defining Unicode char U+2423 (decimal 9251)
)
Now handling font encoding OT1 ...
... processing UTF-8 mapping file for font encoding OT1

(/usr/share/texlive/texmf-dist/tex/latex/base/ot1enc.dfu
File: ot1enc.dfu 2008/04/05 v1.1m UTF-8 support for inputenc
   defining Unicode char U+00A1 (decimal 161)
   defining Unicode char U+00A3 (decimal 163)
   defining Unicode char U+00B8 (decimal 184)
   defining Unicode char U+00BF (decimal 191)
   defining Unicode char U+00C5 (decimal 197)
   defining Unicode char U+00C6 (decimal 198)
   defining Unicode char U+00D8 (decimal 216)
   defining Unicode char U+00DF (decimal 223)
   defining Unicode char U+00E6 (decimal 230)
   defining Unicode char U+00EC (decimal 236)
   defining Unicode char U+00ED (decimal 237)
   defining Unicode char U+00EE (decimal 238)
   defining Unicode char U+00EF (decimal 239)
   defining Unicode char U+00F8 (decimal 248)
   defining Unicode char U+0131 (decimal 305)
   defining Unicode char U+0141 (decimal 321)
   defining Unicode char U+0142 (decimal 322)
   defining Unicode char U+0152 (decimal 338)
   defining Unicode char U+0153 (decimal 339)
   defining Unicode char U+2013 (decimal 8211)
   defining Unicode char U+2014 (decimal 8212)
   defining Unicode char U+2018 (decimal 8216)
   defining Unicode char U+2019 (decimal 8217)
   defining Unicode char U+201C (decimal 8220)
   defining Unicode char U+201D (decimal 8221)
)
Now handling font encoding OMS ...
... processing UTF-8 mapping file for font encoding OMS

(/usr/share/texlive/texmf-dist/tex/latex/base/omsenc.dfu
File: omsenc.dfu 2008/04/05 v1.1m UTF-8 support for inputenc
   defining Unicode char U+00A7 (decimal 167)
   defining Unicode char U+00B6 (decimal 182)
   defining Unicode char U+00B7 (decimal 183)
   defining Unicode char U+2020 (decimal 8224)
   defining Unicode char U+2021 (decimal 8225)
   defining Unicode char U+2022 (decimal 8226)
)
Now handling font encoding OMX ...
... no UTF-8 mapping file for font encoding OMX
Now handling font encoding U ...
... no UTF-8 mapping file for font encoding U
Now handling font encoding LGR ...
... processing UTF-8 mapping file for font encoding LGR

(/usr/share/texlive/texmf-dist/tex/latex/lgrx/lgrenc.dfu
File: lgrenc.dfu 2010/06/15 0.1 UTF-8 support for Greek
   defining Unicode char U+00A8 (decimal 168)
   defining Unicode char U+00AB (decimal 171)
   defining Unicode char U+00AF (decimal 175)
   defining Unicode char U+00B4 (decimal 180)
   defining Unicode char U+00B7 (decimal 183)
   defining Unicode char U+00BB (decimal 187)
   defining Unicode char U+0259 (decimal 601)
   defining Unicode char U+02D8 (decimal 728)
   defining Unicode char U+200C (decimal 8204)
   defining Unicode char U+2013 (decimal 8211)
   defining Unicode char U+2014 (decimal 8212)
   defining Unicode char U+2018 (decimal 8216)
   defining Unicode char U+2019 (decimal 8217)
   defining Unicode char U+201A (decimal 8218)
   defining Unicode char U+2030 (decimal 8240)
   defining Unicode char U+2039 (decimal 8249)
   defining Unicode char U+203A (decimal 8250)
   defining Unicode char U+20AC (decimal 8364)
   defining Unicode char U+0374 (decimal 884)
   defining Unicode char U+0375 (decimal 885)
   defining Unicode char U+037A (decimal 890)
   defining Unicode char U+037E (decimal 894)
   defining Unicode char U+0384 (decimal 900)
   defining Unicode char U+0385 (decimal 901)
   defining Unicode char U+0386 (decimal 902)
   defining Unicode char U+0387 (decimal 903)
   defining Unicode char U+0388 (decimal 904)
   defining Unicode char U+0389 (decimal 905)
   defining Unicode char U+038A (decimal 906)
   defining Unicode char U+038C (decimal 908)
   defining Unicode char U+038E (decimal 910)
   defining Unicode char U+038F (decimal 911)
   defining Unicode char U+0390 (decimal 912)
   defining Unicode char U+0391 (decimal 913)
   defining Unicode char U+0392 (decimal 914)
   defining Unicode char U+0393 (decimal 915)
   defining Unicode char U+0394 (decimal 916)
   defining Unicode char U+0395 (decimal 917)
   defining Unicode char U+0396 (decimal 918)
   defining Unicode char U+0397 (decimal 919)
   defining Unicode char U+0398 (decimal 920)
   defining Unicode char U+0399 (decimal 921)
   defining Unicode char U+039A (decimal 922)
   defining Unicode char U+039B (decimal 923)
   defining Unicode char U+039C (decimal 924)
   defining Unicode char U+039D (decimal 925)
   defining Unicode char U+039E (decimal 926)
   defining Unicode char U+039F (decimal 927)
   defining Unicode char U+03A0 (decimal 928)
   defining Unicode char U+03A1 (decimal 929)
   defining Unicode char U+03A3 (decimal 931)
   defining Unicode char U+03A4 (decimal 932)
   defining Unicode char U+03A5 (decimal 933)
   defining Unicode char U+03A6 (decimal 934)
   defining Unicode char U+03A7 (decimal 935)
   defining Unicode char U+03A8 (decimal 936)
   defining Unicode char U+03A9 (decimal 937)
   defining Unicode char U+03AA (decimal 938)
   defining Unicode char U+03AB (decimal 939)
   defining Unicode char U+03AC (decimal 940)
   defining Unicode char U+03AD (decimal 941)
   defining Unicode char U+03AE (decimal 942)
   defining Unicode char U+03AF (decimal 943)
   defining Unicode char U+03B0 (decimal 944)
   defining Unicode char U+03B1 (decimal 945)
   defining Unicode char U+03B2 (decimal 946)
   defining Unicode char U+03B3 (decimal 947)
   defining Unicode char U+03B4 (decimal 948)
   defining Unicode char U+03B5 (decimal 949)
   defining Unicode char U+03B6 (decimal 950)
   defining Unicode char U+03B7 (decimal 951)
   defining Unicode char U+03B8 (decimal 952)
   defining Unicode char U+03B9 (decimal 953)
   defining Unicode char U+03BA (decimal 954)
   defining Unicode char U+03BB (decimal 955)
   defining Unicode char U+03BC (decimal 956)
   defining Unicode char U+03BD (decimal 957)
   defining Unicode char U+03BE (decimal 958)
   defining Unicode char U+03BF (decimal 959)
   defining Unicode char U+03C0 (decimal 960)
   defining Unicode char U+03C1 (decimal 961)
   defining Unicode char U+03C2 (decimal 962)
   defining Unicode char U+03C3 (decimal 963)
   defining Unicode char U+03C4 (decimal 964)
   defining Unicode char U+03C5 (decimal 965)
   defining Unicode char U+03C6 (decimal 966)
   defining Unicode char U+03C7 (decimal 967)
   defining Unicode char U+03C8 (decimal 968)
   defining Unicode char U+03C9 (decimal 969)
   defining Unicode char U+03CA (decimal 970)
   defining Unicode char U+03CB (decimal 971)
   defining Unicode char U+03CC (decimal 972)
   defining Unicode char U+03CD (decimal 973)
   defining Unicode char U+03CE (decimal 974)
   defining Unicode char U+03D8 (decimal 984)
   defining Unicode char U+03D9 (decimal 985)
   defining Unicode char U+03DA (decimal 986)
   defining Unicode char U+03DB (decimal 987)
   defining Unicode char U+03DC (decimal 988)
   defining Unicode char U+03DD (decimal 989)
   defining Unicode char U+03DF (decimal 991)
   defining Unicode char U+03E0 (decimal 992)
   defining Unicode char U+03E1 (decimal 993)
   defining Unicode char U+1F00 (decimal 7936)
   defining Unicode char U+1F01 (decimal 7937)
   defining Unicode char U+1F02 (decimal 7938)
   defining Unicode char U+1F03 (decimal 7939)
   defining Unicode char U+1F04 (decimal 7940)
   defining Unicode char U+1F05 (decimal 7941)
   defining Unicode char U+1F06 (decimal 7942)
   defining Unicode char U+1F07 (decimal 7943)
   defining Unicode char U+1F08 (decimal 7944)
   defining Unicode char U+1F09 (decimal 7945)
   defining Unicode char U+1F0A (decimal 7946)
   defining Unicode char U+1F0B (decimal 7947)
   defining Unicode char U+1F0C (decimal 7948)
   defining Unicode char U+1F0D (decimal 7949)
   defining Unicode char U+1F0E (decimal 7950)
   defining Unicode char U+1F0F (decimal 7951)
   defining Unicode char U+1F10 (decimal 7952)
   defining Unicode char U+1F11 (decimal 7953)
   defining Unicode char U+1F12 (decimal 7954)
   defining Unicode char U+1F13 (decimal 7955)
   defining Unicode char U+1F14 (decimal 7956)
   defining Unicode char U+1F15 (decimal 7957)
   defining Unicode char U+1F18 (decimal 7960)
   defining Unicode char U+1F19 (decimal 7961)
   defining Unicode char U+1F1A (decimal 7962)
   defining Unicode char U+1F1B (decimal 7963)
   defining Unicode char U+1F1C (decimal 7964)
   defining Unicode char U+1F1D (decimal 7965)
   defining Unicode char U+1F20 (decimal 7968)
   defining Unicode char U+1F21 (decimal 7969)
   defining Unicode char U+1F22 (decimal 7970)
   defining Unicode char U+1F23 (decimal 7971)
   defining Unicode char U+1F24 (decimal 7972)
   defining Unicode char U+1F25 (decimal 7973)
   defining Unicode char U+1F26 (decimal 7974)
   defining Unicode char U+1F27 (decimal 7975)
   defining Unicode char U+1F28 (decimal 7976)
   defining Unicode char U+1F29 (decimal 7977)
   defining Unicode char U+1F2A (decimal 7978)
   defining Unicode char U+1F2B (decimal 7979)
   defining Unicode char U+1F2C (decimal 7980)
   defining Unicode char U+1F2D (decimal 7981)
   defining Unicode char U+1F2E (decimal 7982)
   defining Unicode char U+1F2F (decimal 7983)
   defining Unicode char U+1F30 (decimal 7984)
   defining Unicode char U+1F31 (decimal 7985)
   defining Unicode char U+1F32 (decimal 7986)
   defining Unicode char U+1F33 (decimal 7987)
   defining Unicode char U+1F34 (decimal 7988)
   defining Unicode char U+1F35 (decimal 7989)
   defining Unicode char U+1F36 (decimal 7990)
   defining Unicode char U+1F37 (decimal 7991)
   defining Unicode char U+1F38 (decimal 7992)
   defining Unicode char U+1F39 (decimal 7993)
   defining Unicode char U+1F3A (decimal 7994)
   defining Unicode char U+1F3B (decimal 7995)
   defining Unicode char U+1F3C (decimal 7996)
   defining Unicode char U+1F3D (decimal 7997)
   defining Unicode char U+1F3E (decimal 7998)
   defining Unicode char U+1F3F (decimal 7999)
   defining Unicode char U+1F40 (decimal 8000)
   defining Unicode char U+1F41 (decimal 8001)
   defining Unicode char U+1F42 (decimal 8002)
   defining Unicode char U+1F43 (decimal 8003)
   defining Unicode char U+1F44 (decimal 8004)
   defining Unicode char U+1F45 (decimal 8005)
   defining Unicode char U+1F48 (decimal 8008)
   defining Unicode char U+1F49 (decimal 8009)
   defining Unicode char U+1F4A (decimal 8010)
   defining Unicode char U+1F4B (decimal 8011)
   defining Unicode char U+1F4C (decimal 8012)
   defining Unicode char U+1F4D (decimal 8013)
   defining Unicode char U+1F50 (decimal 8016)
   defining Unicode char U+1F51 (decimal 8017)
   defining Unicode char U+1F52 (decimal 8018)
   defining Unicode char U+1F53 (decimal 8019)
   defining Unicode char U+1F54 (decimal 8020)
   defining Unicode char U+1F55 (decimal 8021)
   defining Unicode char U+1F56 (decimal 8022)
   defining Unicode char U+1F57 (decimal 8023)
   defining Unicode char U+1F59 (decimal 8025)
   defining Unicode char U+1F5B (decimal 8027)
   defining Unicode char U+1F5D (decimal 8029)
   defining Unicode char U+1F5F (decimal 8031)
   defining Unicode char U+1F60 (decimal 8032)
   defining Unicode char U+1F61 (decimal 8033)
   defining Unicode char U+1F62 (decimal 8034)
   defining Unicode char U+1F63 (decimal 8035)
   defining Unicode char U+1F64 (decimal 8036)
   defining Unicode char U+1F65 (decimal 8037)
   defining Unicode char U+1F66 (decimal 8038)
   defining Unicode char U+1F67 (decimal 8039)
   defining Unicode char U+1F68 (decimal 8040)
   defining Unicode char U+1F69 (decimal 8041)
   defining Unicode char U+1F6A (decimal 8042)
   defining Unicode char U+1F6B (decimal 8043)
   defining Unicode char U+1F6C (decimal 8044)
   defining Unicode char U+1F6D (decimal 8045)
   defining Unicode char U+1F6E (decimal 8046)
   defining Unicode char U+1F6F (decimal 8047)
   defining Unicode char U+1F70 (decimal 8048)
   defining Unicode char U+1F71 (decimal 8049)
   defining Unicode char U+1F72 (decimal 8050)
   defining Unicode char U+1F73 (decimal 8051)
   defining Unicode char U+1F74 (decimal 8052)
   defining Unicode char U+1F75 (decimal 8053)
   defining Unicode char U+1F76 (decimal 8054)
   defining Unicode char U+1F77 (decimal 8055)
   defining Unicode char U+1F78 (decimal 8056)
   defining Unicode char U+1F79 (decimal 8057)
   defining Unicode char U+1F7A (decimal 8058)
   defining Unicode char U+1F7B (decimal 8059)
   defining Unicode char U+1F7C (decimal 8060)
   defining Unicode char U+1F7D (decimal 8061)
   defining Unicode char U+1F80 (decimal 8064)
   defining Unicode char U+1F81 (decimal 8065)
   defining Unicode char U+1F82 (decimal 8066)
   defining Unicode char U+1F83 (decimal 8067)
   defining Unicode char U+1F84 (decimal 8068)
   defining Unicode char U+1F85 (decimal 8069)
   defining Unicode char U+1F86 (decimal 8070)
   defining Unicode char U+1F87 (decimal 8071)
   defining Unicode char U+1F88 (decimal 8072)
   defining Unicode char U+1F89 (decimal 8073)
   defining Unicode char U+1F8A (decimal 8074)
   defining Unicode char U+1F8B (decimal 8075)
   defining Unicode char U+1F8C (decimal 8076)
   defining Unicode char U+1F8D (decimal 8077)
   defining Unicode char U+1F8E (decimal 8078)
   defining Unicode char U+1F8F (decimal 8079)
   defining Unicode char U+1F90 (decimal 8080)
   defining Unicode char U+1F91 (decimal 8081)
   defining Unicode char U+1F92 (decimal 8082)
   defining Unicode char U+1F93 (decimal 8083)
   defining Unicode char U+1F94 (decimal 8084)
   defining Unicode char U+1F95 (decimal 8085)
   defining Unicode char U+1F96 (decimal 8086)
   defining Unicode char U+1F97 (decimal 8087)
   defining Unicode char U+1F98 (decimal 8088)
   defining Unicode char U+1F99 (decimal 8089)
   defining Unicode char U+1F9A (decimal 8090)
   defining Unicode char U+1F9B (decimal 8091)
   defining Unicode char U+1F9C (decimal 8092)
   defining Unicode char U+1F9D (decimal 8093)
   defining Unicode char U+1F9E (decimal 8094)
   defining Unicode char U+1F9F (decimal 8095)
   defining Unicode char U+1FA0 (decimal 8096)
   defining Unicode char U+1FA1 (decimal 8097)
   defining Unicode char U+1FA2 (decimal 8098)
   defining Unicode char U+1FA3 (decimal 8099)
   defining Unicode char U+1FA4 (decimal 8100)
   defining Unicode char U+1FA5 (decimal 8101)
   defining Unicode char U+1FA6 (decimal 8102)
   defining Unicode char U+1FA7 (decimal 8103)
   defining Unicode char U+1FA8 (decimal 8104)
   defining Unicode char U+1FA9 (decimal 8105)
   defining Unicode char U+1FAA (decimal 8106)
   defining Unicode char U+1FAB (decimal 8107)
   defining Unicode char U+1FAC (decimal 8108)
   defining Unicode char U+1FAD (decimal 8109)
   defining Unicode char U+1FAE (decimal 8110)
   defining Unicode char U+1FAF (decimal 8111)
   defining Unicode char U+1FB0 (decimal 8112)
   defining Unicode char U+1FB1 (decimal 8113)
   defining Unicode char U+1FB2 (decimal 8114)
   defining Unicode char U+1FB3 (decimal 8115)
   defining Unicode char U+1FB4 (decimal 8116)
   defining Unicode char U+1FB6 (decimal 8118)
   defining Unicode char U+1FB7 (decimal 8119)
   defining Unicode char U+1FB8 (decimal 8120)
   defining Unicode char U+1FB9 (decimal 8121)
   defining Unicode char U+1FBA (decimal 8122)
   defining Unicode char U+1FBB (decimal 8123)
   defining Unicode char U+1FBC (decimal 8124)
   defining Unicode char U+1FBD (decimal 8125)
   defining Unicode char U+1FBE (decimal 8126)
   defining Unicode char U+1FBF (decimal 8127)
   defining Unicode char U+1FC0 (decimal 8128)
   defining Unicode char U+1FC1 (decimal 8129)
   defining Unicode char U+1FC2 (decimal 8130)
   defining Unicode char U+1FC3 (decimal 8131)
   defining Unicode char U+1FC4 (decimal 8132)
   defining Unicode char U+1FC6 (decimal 8134)
   defining Unicode char U+1FC7 (decimal 8135)
   defining Unicode char U+1FC8 (decimal 8136)
   defining Unicode char U+1FC9 (decimal 8137)
   defining Unicode char U+1FCA (decimal 8138)
   defining Unicode char U+1FCB (decimal 8139)
   defining Unicode char U+1FCC (decimal 8140)
   defining Unicode char U+1FCD (decimal 8141)
   defining Unicode char U+1FCE (decimal 8142)
   defining Unicode char U+1FCF (decimal 8143)
   defining Unicode char U+1FD0 (decimal 8144)
   defining Unicode char U+1FD1 (decimal 8145)
   defining Unicode char U+1FD2 (decimal 8146)
   defining Unicode char U+1FD3 (decimal 8147)
   defining Unicode char U+1FD6 (decimal 8150)
   defining Unicode char U+1FD7 (decimal 8151)
   defining Unicode char U+1FD8 (decimal 8152)
   defining Unicode char U+1FD9 (decimal 8153)
   defining Unicode char U+1FDA (decimal 8154)
   defining Unicode char U+1FDB (decimal 8155)
   defining Unicode char U+1FDD (decimal 8157)
   defining Unicode char U+1FDE (decimal 8158)
   defining Unicode char U+1FDF (decimal 8159)
   defining Unicode char U+1FE0 (decimal 8160)
   defining Unicode char U+1FE1 (decimal 8161)
   defining Unicode char U+1FE2 (decimal 8162)
   defining Unicode char U+1FE3 (decimal 8163)
   defining Unicode char U+1FE4 (decimal 8164)
   defining Unicode char U+1FE5 (decimal 8165)
   defining Unicode char U+1FE6 (decimal 8166)
   defining Unicode char U+1FE7 (decimal 8167)
   defining Unicode char U+1FE8 (decimal 8168)
   defining Unicode char U+1FE9 (decimal 8169)
   defining Unicode char U+1FEA (decimal 8170)
   defining Unicode char U+1FEB (decimal 8171)
   defining Unicode char U+1FEC (decimal 8172)
   defining Unicode char U+1FED (decimal 8173)
   defining Unicode char U+1FEE (decimal 8174)
   defining Unicode char U+1FEF (decimal 8175)
   defining Unicode char U+1FF2 (decimal 8178)
   defining Unicode char U+1FF3 (decimal 8179)
   defining Unicode char U+1FF4 (decimal 8180)
   defining Unicode char U+1FF6 (decimal 8182)
   defining Unicode char U+1FF7 (decimal 8183)
   defining Unicode char U+1FF8 (decimal 8184)
   defining Unicode char U+1FF9 (decimal 8185)
   defining Unicode char U+1FFA (decimal 8186)
   defining Unicode char U+1FFB (decimal 8187)
   defining Unicode char U+1FFC (decimal 8188)
   defining Unicode char U+1FFD (decimal 8189)
   defining Unicode char U+1FFE (decimal 8190)
   defining Unicode char U+2013 (decimal 8211)
   defining Unicode char U+2014 (decimal 8212)
   defining Unicode char U+2018 (decimal 8216)
   defining Unicode char U+2019 (decimal 8217)
   defining Unicode char U+2030 (decimal 8240)
   defining Unicode char U+20AC (decimal 8364)
   defining Unicode char U+10144 (decimal 65860)
   defining Unicode char U+10145 (decimal 65861)
   defining Unicode char U+10146 (decimal 65862)
   defining Unicode char U+10147 (decimal 65863)
)
   defining Unicode char U+00A9 (decimal 169)
   defining Unicode char U+00AA (decimal 170)
   defining Unicode char U+00AE (decimal 174)
   defining Unicode char U+00BA (decimal 186)
   defining Unicode char U+02C6 (decimal 710)
   defining Unicode char U+02DC (decimal 732)
   defining Unicode char U+200C (decimal 8204)
   defining Unicode char U+2026 (decimal 8230)
   defining Unicode char U+2122 (decimal 8482)
   defining Unicode char U+2423 (decimal 9251)
))
(/usr/share/texlive/texmf-dist/tex/latex/todonotes/todonotes.sty
Package: todonotes 2011/10/22 .dtx Todonotes source and documentation.
Package: todonotes 2011/10/22

(/usr/share/texlive/texmf-dist/tex/latex/base/ifthen.sty
Package: ifthen 2001/05/26 v1.1c Standard LaTeX ifthen package (DPC)
)
(/usr/share/texlive/texmf-dist/tex/latex/xkeyval/xkeyval.sty
Package: xkeyval 2008/08/13 v2.6a package option processing (HA)

(/usr/share/texlive/texmf-dist/tex/generic/xkeyval/xkeyval.tex
\XKV@toks=\toks16
\XKV@tempa@toks=\toks17
\XKV@depth=\count89
File: xkeyval.tex 2008/08/13 v2.6a key=value parser (HA)

(/usr/share/texlive/texmf-dist/tex/generic/xkeyval/keyval.tex)))
(/usr/share/texmf/tex/latex/xcolor/xcolor.sty
Package: xcolor 2007/01/21 v2.11 LaTeX color extensions (UK)

(/usr/share/texlive/texmf-dist/tex/latex/latexconfig/color.cfg
File: color.cfg 2007/01/18 v1.5 color configuration of teTeX/TeXLive
)
Package xcolor Info: Driver file: pdftex.def on input line 225.

(/usr/share/texlive/texmf-dist/tex/latex/pdftex-def/pdftex.def
File: pdftex.def 2011/05/27 v0.06d Graphics/color for pdfTeX

(/usr/share/texlive/texmf-dist/tex/generic/oberdiek/infwarerr.sty
Package: infwarerr 2010/04/08 v1.3 Providing info/warning/error messages (HO)
)
(/usr/share/texlive/texmf-dist/tex/generic/oberdiek/ltxcmds.sty
Package: ltxcmds 2011/11/09 v1.22 LaTeX kernel commands for general use (HO)
)
\Gread@gobject=\count90
)
Package xcolor Info: Model `cmy' substituted by `cmy0' on input line 1337.
Package xcolor Info: Model `hsb' substituted by `rgb' on input line 1341.
Package xcolor Info: Model `RGB' extended on input line 1353.
Package xcolor Info: Model `HTML' substituted by `rgb' on input line 1355.
Package xcolor Info: Model `Hsb' substituted by `hsb' on input line 1356.
Package xcolor Info: Model `tHsb' substituted by `hsb' on input line 1357.
Package xcolor Info: Model `HSB' substituted by `hsb' on input line 1358.
Package xcolor Info: Model `Gray' substituted by `gray' on input line 1359.
Package xcolor Info: Model `wave' substituted by `hsb' on input line 1360.
)
(/usr/share/texmf/tex/latex/pgf/frontendlayer/tikz.sty
(/usr/share/texmf/tex/latex/pgf/basiclayer/pgf.sty
(/usr/share/texmf/tex/latex/pgf/utilities/pgfrcs.sty
(/usr/share/texmf/tex/generic/pgf/utilities/pgfutil-common.tex
\pgfutil@everybye=\toks18
)
(/usr/share/texmf/tex/generic/pgf/utilities/pgfutil-latex.def
\pgfutil@abb=\box26

(/usr/share/texlive/texmf-dist/tex/latex/ms/everyshi.sty
Package: everyshi 2001/05/15 v3.00 EveryShipout Package (MS)
))
(/usr/share/texmf/tex/generic/pgf/utilities/pgfrcs.code.tex
Package: pgfrcs 2010/10/25 v2.10 (rcs-revision 1.24)
))
Package: pgf 2008/01/15 v2.10 (rcs-revision 1.12)

(/usr/share/texmf/tex/latex/pgf/basiclayer/pgfcore.sty
(/usr/share/texlive/texmf-dist/tex/latex/graphics/graphicx.sty
Package: graphicx 1999/02/16 v1.0f Enhanced LaTeX Graphics (DPC,SPQR)

(/usr/share/texlive/texmf-dist/tex/latex/graphics/graphics.sty
Package: graphics 2009/02/05 v1.0o Standard LaTeX Graphics (DPC,SPQR)

(/usr/share/texlive/texmf-dist/tex/latex/graphics/trig.sty
Package: trig 1999/03/16 v1.09 sin cos tan (DPC)
)
(/usr/share/texlive/texmf-dist/tex/latex/latexconfig/graphics.cfg
File: graphics.cfg 2010/04/23 v1.9 graphics configuration of TeX Live
)
Package graphics Info: Driver file: pdftex.def on input line 91.
)
\Gin@req@height=\dimen104
\Gin@req@width=\dimen105
)
(/usr/share/texmf/tex/latex/pgf/systemlayer/pgfsys.sty
(/usr/share/texmf/tex/generic/pgf/systemlayer/pgfsys.code.tex
Package: pgfsys 2010/06/30 v2.10 (rcs-revision 1.37)

(/usr/share/texmf/tex/generic/pgf/utilities/pgfkeys.code.tex
\pgfkeys@pathtoks=\toks19
\pgfkeys@temptoks=\toks20

(/usr/share/texmf/tex/generic/pgf/utilities/pgfkeysfiltered.code.tex
\pgfkeys@tmptoks=\toks21
))
\pgf@x=\dimen106
\pgf@y=\dimen107
\pgf@xa=\dimen108
\pgf@ya=\dimen109
\pgf@xb=\dimen110
\pgf@yb=\dimen111
\pgf@xc=\dimen112
\pgf@yc=\dimen113
\w@pgf@writea=\write3
\r@pgf@reada=\read1
\c@pgf@counta=\count91
\c@pgf@countb=\count92
\c@pgf@countc=\count93
\c@pgf@countd=\count94

(/usr/share/texmf/tex/generic/pgf/systemlayer/pgf.cfg
File: pgf.cfg 2008/05/14  (rcs-revision 1.7)
)
Package pgfsys Info: Driver file for pgf: pgfsys-pdftex.def on input line 900.

(/usr/share/texmf/tex/generic/pgf/systemlayer/pgfsys-pdftex.def
File: pgfsys-pdftex.def 2009/05/22  (rcs-revision 1.26)

(/usr/share/texmf/tex/generic/pgf/systemlayer/pgfsys-common-pdf.def
File: pgfsys-common-pdf.def 2008/05/19  (rcs-revision 1.10)
)))
(/usr/share/texmf/tex/generic/pgf/systemlayer/pgfsyssoftpath.code.tex
File: pgfsyssoftpath.code.tex 2008/07/18  (rcs-revision 1.7)
\pgfsyssoftpath@smallbuffer@items=\count95
\pgfsyssoftpath@bigbuffer@items=\count96
)
(/usr/share/texmf/tex/generic/pgf/systemlayer/pgfsysprotocol.code.tex
File: pgfsysprotocol.code.tex 2006/10/16  (rcs-revision 1.4)
))
(/usr/share/texmf/tex/generic/pgf/basiclayer/pgfcore.code.tex
Package: pgfcore 2010/04/11 v2.10 (rcs-revision 1.7)

(/usr/share/texmf/tex/generic/pgf/math/pgfmath.code.tex
(/usr/share/texmf/tex/generic/pgf/math/pgfmathcalc.code.tex
(/usr/share/texmf/tex/generic/pgf/math/pgfmathutil.code.tex)
(/usr/share/texmf/tex/generic/pgf/math/pgfmathparser.code.tex
\pgfmath@dimen=\dimen114
\pgfmath@count=\count97
\pgfmath@box=\box27
\pgfmath@toks=\toks22
\pgfmath@stack@operand=\toks23
\pgfmath@stack@operation=\toks24
)
(/usr/share/texmf/tex/generic/pgf/math/pgfmathfunctions.code.tex
(/usr/share/texmf/tex/generic/pgf/math/pgfmathfunctions.basic.code.tex)
(/usr/share/texmf/tex/generic/pgf/math/pgfmathfunctions.trigonometric.code.tex)
(/usr/share/texmf/tex/generic/pgf/math/pgfmathfunctions.random.code.tex)
(/usr/share/texmf/tex/generic/pgf/math/pgfmathfunctions.comparison.code.tex)
(/usr/share/texmf/tex/generic/pgf/math/pgfmathfunctions.base.code.tex)
(/usr/share/texmf/tex/generic/pgf/math/pgfmathfunctions.round.code.tex)
(/usr/share/texmf/tex/generic/pgf/math/pgfmathfunctions.misc.code.tex)))
(/usr/share/texmf/tex/generic/pgf/math/pgfmathfloat.code.tex
\c@pgfmathroundto@lastzeros=\count98
))
(/usr/share/texmf/tex/generic/pgf/basiclayer/pgfcorepoints.code.tex
File: pgfcorepoints.code.tex 2010/04/09  (rcs-revision 1.20)
\pgf@picminx=\dimen115
\pgf@picmaxx=\dimen116
\pgf@picminy=\dimen117
\pgf@picmaxy=\dimen118
\pgf@pathminx=\dimen119
\pgf@pathmaxx=\dimen120
\pgf@pathminy=\dimen121
\pgf@pathmaxy=\dimen122
\pgf@xx=\dimen123
\pgf@xy=\dimen124
\pgf@yx=\dimen125
\pgf@yy=\dimen126
\pgf@zx=\dimen127
\pgf@zy=\dimen128
)
(/usr/share/texmf/tex/generic/pgf/basiclayer/pgfcorepathconstruct.code.tex
File: pgfcorepathconstruct.code.tex 2010/08/03  (rcs-revision 1.24)
\pgf@path@lastx=\dimen129
\pgf@path@lasty=\dimen130
)
(/usr/share/texmf/tex/generic/pgf/basiclayer/pgfcorepathusage.code.tex
File: pgfcorepathusage.code.tex 2008/04/22  (rcs-revision 1.12)
\pgf@shorten@end@additional=\dimen131
\pgf@shorten@start@additional=\dimen132
)
(/usr/share/texmf/tex/generic/pgf/basiclayer/pgfcorescopes.code.tex
File: pgfcorescopes.code.tex 2010/09/08  (rcs-revision 1.34)
\pgfpic=\box28
\pgf@hbox=\box29
\pgf@layerbox@main=\box30
\pgf@picture@serial@count=\count99
)
(/usr/share/texmf/tex/generic/pgf/basiclayer/pgfcoregraphicstate.code.tex
File: pgfcoregraphicstate.code.tex 2008/04/22  (rcs-revision 1.9)
\pgflinewidth=\dimen133
)
(/usr/share/texmf/tex/generic/pgf/basiclayer/pgfcoretransformations.code.tex
File: pgfcoretransformations.code.tex 2009/06/10  (rcs-revision 1.11)
\pgf@pt@x=\dimen134
\pgf@pt@y=\dimen135
\pgf@pt@temp=\dimen136
)
(/usr/share/texmf/tex/generic/pgf/basiclayer/pgfcorequick.code.tex
File: pgfcorequick.code.tex 2008/10/09  (rcs-revision 1.3)
)
(/usr/share/texmf/tex/generic/pgf/basiclayer/pgfcoreobjects.code.tex
File: pgfcoreobjects.code.tex 2006/10/11  (rcs-revision 1.2)
)
(/usr/share/texmf/tex/generic/pgf/basiclayer/pgfcorepathprocessing.code.tex
File: pgfcorepathprocessing.code.tex 2008/10/09  (rcs-revision 1.8)
)
(/usr/share/texmf/tex/generic/pgf/basiclayer/pgfcorearrows.code.tex
File: pgfcorearrows.code.tex 2008/04/23  (rcs-revision 1.11)
)
(/usr/share/texmf/tex/generic/pgf/basiclayer/pgfcoreshade.code.tex
File: pgfcoreshade.code.tex 2008/11/23  (rcs-revision 1.13)
\pgf@max=\dimen137
\pgf@sys@shading@range@num=\count100
)
(/usr/share/texmf/tex/generic/pgf/basiclayer/pgfcoreimage.code.tex
File: pgfcoreimage.code.tex 2010/03/25  (rcs-revision 1.16)

(/usr/share/texmf/tex/generic/pgf/basiclayer/pgfcoreexternal.code.tex
File: pgfcoreexternal.code.tex 2010/09/01  (rcs-revision 1.17)
\pgfexternal@startupbox=\box31
))
(/usr/share/texmf/tex/generic/pgf/basiclayer/pgfcorelayers.code.tex
File: pgfcorelayers.code.tex 2010/08/27  (rcs-revision 1.2)
)
(/usr/share/texmf/tex/generic/pgf/basiclayer/pgfcoretransparency.code.tex
File: pgfcoretransparency.code.tex 2008/01/17  (rcs-revision 1.2)
)
(/usr/share/texmf/tex/generic/pgf/basiclayer/pgfcorepatterns.code.tex
File: pgfcorepatterns.code.tex 2009/07/02  (rcs-revision 1.3)
)))
(/usr/share/texmf/tex/generic/pgf/modules/pgfmoduleshapes.code.tex
File: pgfmoduleshapes.code.tex 2010/09/09  (rcs-revision 1.13)
\pgfnodeparttextbox=\box32
)
(/usr/share/texmf/tex/generic/pgf/modules/pgfmoduleplot.code.tex
File: pgfmoduleplot.code.tex 2010/10/22  (rcs-revision 1.8)
)
(/usr/share/texmf/tex/latex/pgf/compatibility/pgfcomp-version-0-65.sty
Package: pgfcomp-version-0-65 2007/07/03 v2.10 (rcs-revision 1.7)
\pgf@nodesepstart=\dimen138
\pgf@nodesepend=\dimen139
)
(/usr/share/texmf/tex/latex/pgf/compatibility/pgfcomp-version-1-18.sty
Package: pgfcomp-version-1-18 2007/07/23 v2.10 (rcs-revision 1.1)
))
(/usr/share/texmf/tex/latex/pgf/utilities/pgffor.sty
(/usr/share/texmf/tex/latex/pgf/utilities/pgfkeys.sty
(/usr/share/texmf/tex/generic/pgf/utilities/pgfkeys.code.tex))
(/usr/share/texmf/tex/generic/pgf/utilities/pgffor.code.tex
Package: pgffor 2010/03/23 v2.10 (rcs-revision 1.18)
\pgffor@iter=\dimen140
\pgffor@skip=\dimen141
\pgffor@stack=\toks25
\pgffor@toks=\toks26
))
(/usr/share/texmf/tex/generic/pgf/frontendlayer/tikz/tikz.code.tex
Package: tikz 2010/10/13 v2.10 (rcs-revision 1.76)

(/usr/share/texmf/tex/generic/pgf/libraries/pgflibraryplothandlers.code.tex
File: pgflibraryplothandlers.code.tex 2010/05/31 v2.10 (rcs-revision 1.15)
\pgf@plot@mark@count=\count101
\pgfplotmarksize=\dimen142
)
\tikz@lastx=\dimen143
\tikz@lasty=\dimen144
\tikz@lastxsaved=\dimen145
\tikz@lastysaved=\dimen146
\tikzleveldistance=\dimen147
\tikzsiblingdistance=\dimen148
\tikz@figbox=\box33
\tikz@tempbox=\box34
\tikztreelevel=\count102
\tikznumberofchildren=\count103
\tikznumberofcurrentchild=\count104
\tikz@fig@count=\count105

(/usr/share/texmf/tex/generic/pgf/modules/pgfmodulematrix.code.tex
File: pgfmodulematrix.code.tex 2010/08/24  (rcs-revision 1.4)
\pgfmatrixcurrentrow=\count106
\pgfmatrixcurrentcolumn=\count107
\pgf@matrix@numberofcolumns=\count108
)
\tikz@expandcount=\count109

(/usr/share/texmf/tex/generic/pgf/frontendlayer/tikz/libraries/tikzlibrarytopat
hs.code.tex
File: tikzlibrarytopaths.code.tex 2008/06/17 v2.10 (rcs-revision 1.2)
)))
(/usr/share/texmf/tex/generic/pgf/frontendlayer/tikz/libraries/tikzlibraryposit
ioning.code.tex
File: tikzlibrarypositioning.code.tex 2008/10/06 v2.10 (rcs-revision 1.7)
) (/usr/share/texlive/texmf-dist/tex/latex/tools/calc.sty
Package: calc 2007/08/22 v4.3 Infix arithmetic (KKT,FJ)
\calc@Acount=\count110
\calc@Bcount=\count111
\calc@Adimen=\dimen149
\calc@Bdimen=\dimen150
\calc@Askip=\skip43
\calc@Bskip=\skip44
LaTeX Info: Redefining \setlength on input line 76.
LaTeX Info: Redefining \addtolength on input line 77.
\calc@Ccount=\count112
\calc@Cskip=\skip45
)
\c@@todonotes@numberoftodonotes=\count113
)
(/usr/share/texlive/texmf-dist/tex/latex/caption/caption.sty
Package: caption 2012/02/19 v3.2f Customizing captions (AR)

(/usr/share/texlive/texmf-dist/tex/latex/caption/caption3.sty
Package: caption3 2012/01/12 v1.4b caption3 kernel (AR)
\captionmargin=\dimen151
\captionmargin@=\dimen152
\captionwidth=\dimen153
\caption@indent=\dimen154
\caption@parindent=\dimen155
\caption@hangindent=\dimen156
)
\c@ContinuedFloat=\count114
)
(/usr/share/texlive/texmf-dist/tex/latex/subfig/subfig.sty
Package: subfig 2005/06/28 ver: 1.3 subfig package
\c@KVtest=\count115
\sf@farskip=\skip46
\sf@captopadj=\dimen157
\sf@capskip=\skip47
\sf@nearskip=\skip48
\c@subfigure=\count116
\c@subfigure@save=\count117
\c@lofdepth=\count118
\c@subtable=\count119
\c@subtable@save=\count120
\c@lotdepth=\count121
\sf@top=\skip49
\sf@bottom=\skip50
)
(/usr/share/texlive/texmf-dist/tex/latex/mhchem/mhchem.sty
Package: mhchem 2011/06/03 v3.11 for typesetting chemical formulae

(/usr/share/texlive/texmf-dist/tex/latex/oberdiek/twoopt.sty
Package: twoopt 2008/08/11 v1.5 Definitions with two optional arguments (HO)
)
(/usr/share/texlive/texmf-dist/tex/latex/amsmath/amsmath.sty
Package: amsmath 2000/07/18 v2.13 AMS math features
\@mathmargin=\skip51

For additional information on amsmath, use the `?' option.
(/usr/share/texlive/texmf-dist/tex/latex/amsmath/amstext.sty
Package: amstext 2000/06/29 v2.01

(/usr/share/texlive/texmf-dist/tex/latex/amsmath/amsgen.sty
File: amsgen.sty 1999/11/30 v2.0
\@emptytoks=\toks27
\ex@=\dimen158
))
(/usr/share/texlive/texmf-dist/tex/latex/amsmath/amsbsy.sty
Package: amsbsy 1999/11/29 v1.2d
\pmbraise@=\dimen159
)
(/usr/share/texlive/texmf-dist/tex/latex/amsmath/amsopn.sty
Package: amsopn 1999/12/14 v2.01 operator names
)
\inf@bad=\count122
LaTeX Info: Redefining \frac on input line 211.
\uproot@=\count123
\leftroot@=\count124
LaTeX Info: Redefining \overline on input line 307.
\classnum@=\count125
\DOTSCASE@=\count126
LaTeX Info: Redefining \ldots on input line 379.
LaTeX Info: Redefining \dots on input line 382.
LaTeX Info: Redefining \cdots on input line 467.
\Mathstrutbox@=\box35
\strutbox@=\box36
\big@size=\dimen160
LaTeX Font Info:    Redeclaring font encoding OML on input line 567.
LaTeX Font Info:    Redeclaring font encoding OMS on input line 568.
\macc@depth=\count127
\c@MaxMatrixCols=\count128
\dotsspace@=\muskip10
\c@parentequation=\count129
\dspbrk@lvl=\count130
\tag@help=\toks28
\row@=\count131
\column@=\count132
\maxfields@=\count133
\andhelp@=\toks29
\eqnshift@=\dimen161
\alignsep@=\dimen162
\tagshift@=\dimen163
\tagwidth@=\dimen164
\totwidth@=\dimen165
\lineht@=\dimen166
\@envbody=\toks30
\multlinegap=\skip52
\multlinetaggap=\skip53
\mathdisplay@stack=\toks31
LaTeX Info: Redefining \[ on input line 2666.
LaTeX Info: Redefining \] on input line 2667.
)
\tok@mhchem@ce@iii=\toks32
\mhchem@arrowminlength=\skip54
\mhchem@arrows@box=\box37
\mhchem@arrowlength@pgf=\skip55
\mhchem@arrowminlength@pgf=\skip56
\mhchem@bondwidth=\skip57
\mhchem@bondheight=\skip58
\mhchem@smallbondwidth@tmpA=\skip59
\mhchem@smallbondwidth@tmpB=\skip60
\mhchem@smallbondwidth=\skip61
\mhchem@cf@result=\toks33
\mhchem@cf@element=\toks34
\mhchem@cf@amount=\toks35
\mhchem@cf@sup=\toks36
\mhchem@cf@presub=\toks37
\mhchem@cf@presup=\toks38
\mhchem@cf@replaceMath@result=\toks39
\mhchem@cf@replaceMathMinusDot@result=\toks40
\mhchem@prepostscript@tmp@i=\skip62
\mhchem@prepostscript@tmp@ii=\skip63
\mhchem@mathbox@tmp@i=\skip64
\mhchem@mathbox@tmp@ii=\skip65
\mhchem@minispace@tmp=\skip66
\mhchem@option@minussidebearingleft=\skip67
\mhchem@option@minussidebearingright=\skip68
)
(/usr/share/texlive/texmf-dist/tex/latex/base/textcomp.sty
Package: textcomp 2005/09/27 v1.99g Standard LaTeX package
Package textcomp Info: Sub-encoding information:
(textcomp)               5 = only ISO-Adobe without \textcurrency
(textcomp)               4 = 5 + \texteuro
(textcomp)               3 = 4 + \textohm
(textcomp)               2 = 3 + \textestimated + \textcurrency
(textcomp)               1 = TS1 - \textcircled - \t
(textcomp)               0 = TS1 (full)
(textcomp)             Font families with sub-encoding setting implement
(textcomp)             only a restricted character set as indicated.
(textcomp)             Family '?' is the default used for unknown fonts.
(textcomp)             See the documentation for details.
Package textcomp Info: Setting ? sub-encoding to TS1/1 on input line 71.

(/usr/share/texlive/texmf-dist/tex/latex/base/ts1enc.def
File: ts1enc.def 2001/06/05 v3.0e (jk/car/fm) Standard LaTeX file
Now handling font encoding TS1 ...
... processing UTF-8 mapping file for font encoding TS1

(/usr/share/texlive/texmf-dist/tex/latex/base/ts1enc.dfu
File: ts1enc.dfu 2008/04/05 v1.1m UTF-8 support for inputenc
   defining Unicode char U+00A2 (decimal 162)
   defining Unicode char U+00A3 (decimal 163)
   defining Unicode char U+00A4 (decimal 164)
   defining Unicode char U+00A5 (decimal 165)
   defining Unicode char U+00A6 (decimal 166)
   defining Unicode char U+00A7 (decimal 167)
   defining Unicode char U+00A8 (decimal 168)
   defining Unicode char U+00A9 (decimal 169)
   defining Unicode char U+00AA (decimal 170)
   defining Unicode char U+00AC (decimal 172)
   defining Unicode char U+00AE (decimal 174)
   defining Unicode char U+00AF (decimal 175)
   defining Unicode char U+00B0 (decimal 176)
   defining Unicode char U+00B1 (decimal 177)
   defining Unicode char U+00B2 (decimal 178)
   defining Unicode char U+00B3 (decimal 179)
   defining Unicode char U+00B4 (decimal 180)
   defining Unicode char U+00B5 (decimal 181)
   defining Unicode char U+00B6 (decimal 182)
   defining Unicode char U+00B7 (decimal 183)
   defining Unicode char U+00B9 (decimal 185)
   defining Unicode char U+00BA (decimal 186)
   defining Unicode char U+00BC (decimal 188)
   defining Unicode char U+00BD (decimal 189)
   defining Unicode char U+00BE (decimal 190)
   defining Unicode char U+00D7 (decimal 215)
   defining Unicode char U+00F7 (decimal 247)
   defining Unicode char U+0192 (decimal 402)
   defining Unicode char U+02C7 (decimal 711)
   defining Unicode char U+02D8 (decimal 728)
   defining Unicode char U+02DD (decimal 733)
   defining Unicode char U+0E3F (decimal 3647)
   defining Unicode char U+2016 (decimal 8214)
   defining Unicode char U+2020 (decimal 8224)
   defining Unicode char U+2021 (decimal 8225)
   defining Unicode char U+2022 (decimal 8226)
   defining Unicode char U+2030 (decimal 8240)
   defining Unicode char U+2031 (decimal 8241)
   defining Unicode char U+203B (decimal 8251)
   defining Unicode char U+203D (decimal 8253)
   defining Unicode char U+2044 (decimal 8260)
   defining Unicode char U+204E (decimal 8270)
   defining Unicode char U+2052 (decimal 8274)
   defining Unicode char U+20A1 (decimal 8353)
   defining Unicode char U+20A4 (decimal 8356)
   defining Unicode char U+20A6 (decimal 8358)
   defining Unicode char U+20A9 (decimal 8361)
   defining Unicode char U+20AB (decimal 8363)
   defining Unicode char U+20AC (decimal 8364)
   defining Unicode char U+20B1 (decimal 8369)
   defining Unicode char U+2103 (decimal 8451)
   defining Unicode char U+2116 (decimal 8470)
   defining Unicode char U+2117 (decimal 8471)
   defining Unicode char U+211E (decimal 8478)
   defining Unicode char U+2120 (decimal 8480)
   defining Unicode char U+2122 (decimal 8482)
   defining Unicode char U+2126 (decimal 8486)
   defining Unicode char U+2127 (decimal 8487)
   defining Unicode char U+212E (decimal 8494)
   defining Unicode char U+2190 (decimal 8592)
   defining Unicode char U+2191 (decimal 8593)
   defining Unicode char U+2192 (decimal 8594)
   defining Unicode char U+2193 (decimal 8595)
   defining Unicode char U+2329 (decimal 9001)
   defining Unicode char U+232A (decimal 9002)
   defining Unicode char U+2422 (decimal 9250)
   defining Unicode char U+25E6 (decimal 9702)
   defining Unicode char U+25EF (decimal 9711)
   defining Unicode char U+266A (decimal 9834)
))
LaTeX Info: Redefining \oldstylenums on input line 266.
Package textcomp Info: Setting cmr sub-encoding to TS1/0 on input line 281.
Package textcomp Info: Setting cmss sub-encoding to TS1/0 on input line 282.
Package textcomp Info: Setting cmtt sub-encoding to TS1/0 on input line 283.
Package textcomp Info: Setting cmvtt sub-encoding to TS1/0 on input line 284.
Package textcomp Info: Setting cmbr sub-encoding to TS1/0 on input line 285.
Package textcomp Info: Setting cmtl sub-encoding to TS1/0 on input line 286.
Package textcomp Info: Setting ccr sub-encoding to TS1/0 on input line 287.
Package textcomp Info: Setting ptm sub-encoding to TS1/4 on input line 288.
Package textcomp Info: Setting pcr sub-encoding to TS1/4 on input line 289.
Package textcomp Info: Setting phv sub-encoding to TS1/4 on input line 290.
Package textcomp Info: Setting ppl sub-encoding to TS1/3 on input line 291.
Package textcomp Info: Setting pag sub-encoding to TS1/4 on input line 292.
Package textcomp Info: Setting pbk sub-encoding to TS1/4 on input line 293.
Package textcomp Info: Setting pnc sub-encoding to TS1/4 on input line 294.
Package textcomp Info: Setting pzc sub-encoding to TS1/4 on input line 295.
Package textcomp Info: Setting bch sub-encoding to TS1/4 on input line 296.
Package textcomp Info: Setting put sub-encoding to TS1/5 on input line 297.
Package textcomp Info: Setting uag sub-encoding to TS1/5 on input line 298.
Package textcomp Info: Setting ugq sub-encoding to TS1/5 on input line 299.
Package textcomp Info: Setting ul8 sub-encoding to TS1/4 on input line 300.
Package textcomp Info: Setting ul9 sub-encoding to TS1/4 on input line 301.
Package textcomp Info: Setting augie sub-encoding to TS1/5 on input line 302.
Package textcomp Info: Setting dayrom sub-encoding to TS1/3 on input line 303.
Package textcomp Info: Setting dayroms sub-encoding to TS1/3 on input line 304.

Package textcomp Info: Setting pxr sub-encoding to TS1/0 on input line 305.
Package textcomp Info: Setting pxss sub-encoding to TS1/0 on input line 306.
Package textcomp Info: Setting pxtt sub-encoding to TS1/0 on input line 307.
Package textcomp Info: Setting txr sub-encoding to TS1/0 on input line 308.
Package textcomp Info: Setting txss sub-encoding to TS1/0 on input line 309.
Package textcomp Info: Setting txtt sub-encoding to TS1/0 on input line 310.
Package textcomp Info: Setting lmr sub-encoding to TS1/0 on input line 311.
Package textcomp Info: Setting lmdh sub-encoding to TS1/0 on input line 312.
Package textcomp Info: Setting lmss sub-encoding to TS1/0 on input line 313.
Package textcomp Info: Setting lmssq sub-encoding to TS1/0 on input line 314.
Package textcomp Info: Setting lmvtt sub-encoding to TS1/0 on input line 315.
Package textcomp Info: Setting qhv sub-encoding to TS1/0 on input line 316.
Package textcomp Info: Setting qag sub-encoding to TS1/0 on input line 317.
Package textcomp Info: Setting qbk sub-encoding to TS1/0 on input line 318.
Package textcomp Info: Setting qcr sub-encoding to TS1/0 on input line 319.
Package textcomp Info: Setting qcs sub-encoding to TS1/0 on input line 320.
Package textcomp Info: Setting qpl sub-encoding to TS1/0 on input line 321.
Package textcomp Info: Setting qtm sub-encoding to TS1/0 on input line 322.
Package textcomp Info: Setting qzc sub-encoding to TS1/0 on input line 323.
Package textcomp Info: Setting qhvc sub-encoding to TS1/0 on input line 324.
Package textcomp Info: Setting futs sub-encoding to TS1/4 on input line 325.
Package textcomp Info: Setting futx sub-encoding to TS1/4 on input line 326.
Package textcomp Info: Setting futj sub-encoding to TS1/4 on input line 327.
Package textcomp Info: Setting hlh sub-encoding to TS1/3 on input line 328.
Package textcomp Info: Setting hls sub-encoding to TS1/3 on input line 329.
Package textcomp Info: Setting hlst sub-encoding to TS1/3 on input line 330.
Package textcomp Info: Setting hlct sub-encoding to TS1/5 on input line 331.
Package textcomp Info: Setting hlx sub-encoding to TS1/5 on input line 332.
Package textcomp Info: Setting hlce sub-encoding to TS1/5 on input line 333.
Package textcomp Info: Setting hlcn sub-encoding to TS1/5 on input line 334.
Package textcomp Info: Setting hlcw sub-encoding to TS1/5 on input line 335.
Package textcomp Info: Setting hlcf sub-encoding to TS1/5 on input line 336.
Package textcomp Info: Setting pplx sub-encoding to TS1/3 on input line 337.
Package textcomp Info: Setting pplj sub-encoding to TS1/3 on input line 338.
Package textcomp Info: Setting ptmx sub-encoding to TS1/4 on input line 339.
Package textcomp Info: Setting ptmj sub-encoding to TS1/4 on input line 340.
)
(/usr/share/texlive/texmf-dist/tex/latex/float/float.sty
Package: float 2001/11/08 v1.3d Float enhancements (AL)
\c@float@type=\count134
\float@exts=\toks41
\float@box=\box38
\@float@everytoks=\toks42
\@floatcapt=\box39
)
(/usr/share/texlive/texmf-dist/tex/latex/amsfonts/amssymb.sty
Package: amssymb 2009/06/22 v3.00

(/usr/share/texlive/texmf-dist/tex/latex/amsfonts/amsfonts.sty
Package: amsfonts 2009/06/22 v3.00 Basic AMSFonts support
\symAMSa=\mathgroup4
\symAMSb=\mathgroup5
LaTeX Font Info:    Overwriting math alphabet `\mathfrak' in version `bold'
(Font)                  U/euf/m/n --> U/euf/b/n on input line 96.
))
(/usr/share/texlive/texmf-dist/tex/latex/tools/xspace.sty
Package: xspace 2009/10/20 v1.13 Space after command names (DPC,MH)
)
(/usr/share/texlive/texmf-dist/tex/latex/hyperref/hyperref.sty
Package: hyperref 2012/05/13 v6.82q Hypertext links for LaTeX

(/usr/share/texlive/texmf-dist/tex/generic/oberdiek/hobsub-hyperref.sty
Package: hobsub-hyperref 2012/05/28 v1.13 Bundle oberdiek, subset hyperref (HO)


(/usr/share/texlive/texmf-dist/tex/generic/oberdiek/hobsub-generic.sty
Package: hobsub-generic 2012/05/28 v1.13 Bundle oberdiek, subset generic (HO)
Package: hobsub 2012/05/28 v1.13 Construct package bundles (HO)
Package hobsub Info: Skipping package `infwarerr' (already loaded).
Package hobsub Info: Skipping package `ltxcmds' (already loaded).
Package: ifluatex 2010/03/01 v1.3 Provides the ifluatex switch (HO)
Package ifluatex Info: LuaTeX not detected.
Package: ifvtex 2010/03/01 v1.5 Detect VTeX and its facilities (HO)
Package ifvtex Info: VTeX not detected.
Package: intcalc 2007/09/27 v1.1 Expandable calculations with integers (HO)
Package: ifpdf 2011/01/30 v2.3 Provides the ifpdf switch (HO)
Package ifpdf Info: pdfTeX in PDF mode is detected.
Package: etexcmds 2011/02/16 v1.5 Avoid name clashes with e-TeX commands (HO)
Package etexcmds Info: Could not find \expanded.
(etexcmds)             That can mean that you are not using pdfTeX 1.50 or
(etexcmds)             that some package has redefined \expanded.
(etexcmds)             In the latter case, load this package earlier.
Package: kvsetkeys 2012/04/25 v1.16 Key value parser (HO)
Package: kvdefinekeys 2011/04/07 v1.3 Define keys (HO)
Package: pdftexcmds 2011/11/29 v0.20 Utility functions of pdfTeX for LuaTeX (HO
)
Package pdftexcmds Info: LuaTeX not detected.
Package pdftexcmds Info: \pdf@primitive is available.
Package pdftexcmds Info: \pdf@ifprimitive is available.
Package pdftexcmds Info: \pdfdraftmode found.
Package: pdfescape 2011/11/25 v1.13 Implements pdfTeX's escape features (HO)
Package: bigintcalc 2012/04/08 v1.3 Expandable calculations on big integers (HO
)
Package: bitset 2011/01/30 v1.1 Handle bit-vector datatype (HO)
Package: uniquecounter 2011/01/30 v1.2 Provide unlimited unique counter (HO)
)
Package hobsub Info: Skipping package `hobsub' (already loaded).
Package: letltxmacro 2010/09/02 v1.4 Let assignment for LaTeX macros (HO)
Package: hopatch 2012/05/28 v1.2 Wrapper for package hooks (HO)
Package: xcolor-patch 2011/01/30 xcolor patch
Package: atveryend 2011/06/30 v1.8 Hooks at the very end of document (HO)
Package atveryend Info: \enddocument detected (standard20110627).
Package: atbegshi 2011/10/05 v1.16 At begin shipout hook (HO)
Package: refcount 2011/10/16 v3.4 Data extraction from label references (HO)
Package: hycolor 2011/01/30 v1.7 Color options for hyperref/bookmark (HO)
)
(/usr/share/texlive/texmf-dist/tex/generic/ifxetex/ifxetex.sty
Package: ifxetex 2010/09/12 v0.6 Provides ifxetex conditional
)
(/usr/share/texlive/texmf-dist/tex/latex/oberdiek/kvoptions.sty
Package: kvoptions 2011/06/30 v3.11 Key value format for package options (HO)
)
\@linkdim=\dimen167
\Hy@linkcounter=\count135
\Hy@pagecounter=\count136

(/usr/share/texlive/texmf-dist/tex/latex/hyperref/pd1enc.def
File: pd1enc.def 2012/05/13 v6.82q Hyperref: PDFDocEncoding definition (HO)
Now handling font encoding PD1 ...
... no UTF-8 mapping file for font encoding PD1
)
\Hy@SavedSpaceFactor=\count137

(/usr/share/texlive/texmf-dist/tex/latex/latexconfig/hyperref.cfg
File: hyperref.cfg 2002/06/06 v1.2 hyperref configuration of TeXLive
)
Package hyperref Info: Hyper figures OFF on input line 4062.
Package hyperref Info: Link nesting OFF on input line 4067.
Package hyperref Info: Hyper index ON on input line 4070.
Package hyperref Info: Plain pages OFF on input line 4077.
Package hyperref Info: Backreferencing OFF on input line 4082.
Package hyperref Info: Implicit mode ON; LaTeX internals redefined.
Package hyperref Info: Bookmarks ON on input line 4300.
\c@Hy@tempcnt=\count138

(/usr/share/texlive/texmf-dist/tex/latex/url/url.sty
\Urlmuskip=\muskip11
Package: url 2006/04/12  ver 3.3  Verb mode for urls, etc.
)
LaTeX Info: Redefining \url on input line 4653.
\Fld@menulength=\count139
\Field@Width=\dimen168
\Fld@charsize=\dimen169
Package hyperref Info: Hyper figures OFF on input line 5773.
Package hyperref Info: Link nesting OFF on input line 5778.
Package hyperref Info: Hyper index ON on input line 5781.
Package hyperref Info: backreferencing OFF on input line 5788.
Package hyperref Info: Link coloring OFF on input line 5793.
Package hyperref Info: Link coloring with OCG OFF on input line 5798.
Package hyperref Info: PDF/A mode OFF on input line 5803.
LaTeX Info: Redefining \ref on input line 5843.
LaTeX Info: Redefining \pageref on input line 5847.
\Hy@abspage=\count140
\c@Item=\count141
\c@Hfootnote=\count142
)

Package hyperref Message: Driver (autodetected): hpdftex.

(/usr/share/texlive/texmf-dist/tex/latex/hyperref/hpdftex.def
File: hpdftex.def 2012/05/13 v6.82q Hyperref driver for pdfTeX
\Fld@listcount=\count143
\c@bookmark@seq@number=\count144

(/usr/share/texlive/texmf-dist/tex/latex/oberdiek/rerunfilecheck.sty
Package: rerunfilecheck 2011/04/15 v1.7 Rerun checks for auxiliary files (HO)
Package uniquecounter Info: New unique counter `rerunfilecheck' on input line 2
82.
)
\Hy@SectionHShift=\skip69
)
(/usr/share/texlive/texmf-dist/tex/generic/chemfig/chemfig.sty
(/usr/share/texlive/texmf-dist/tex/generic/chemfig/chemfig.tex
\CF@cnt@atomingroup=\count145
\CF@cnt@groupnumber=\count146
\CF@cnt@atomnumber=\count147
\CF@cnt@cycle=\count148
\CF@dim=\dimen170
\CF@lewis@box=\box40
\CF@box@boxa=\box41
\CF@box@boxb=\box42
\CF@stuff@box=\box43
\CF@unused=\write4
\CF@compound@cnt=\count149
\CF@arrow@size=\dimen171
)
Package: chemfig 2012/02/24 v1.0f Draw molecule with an easy syntax
)
(./fis_veg_appunti_book .aux)
\openout1 = `"fis_veg_appunti_book .aux"'.

LaTeX Font Info:    Checking defaults for OML/cmm/m/it on input line 23.
LaTeX Font Info:    ... okay on input line 23.
LaTeX Font Info:    Checking defaults for T1/cmr/m/n on input line 23.
LaTeX Font Info:    ... okay on input line 23.
LaTeX Font Info:    Checking defaults for OT1/cmr/m/n on input line 23.
LaTeX Font Info:    ... okay on input line 23.
LaTeX Font Info:    Checking defaults for OMS/cmsy/m/n on input line 23.
LaTeX Font Info:    ... okay on input line 23.
LaTeX Font Info:    Checking defaults for OMX/cmex/m/n on input line 23.
LaTeX Font Info:    ... okay on input line 23.
LaTeX Font Info:    Checking defaults for U/cmr/m/n on input line 23.
LaTeX Font Info:    ... okay on input line 23.
LaTeX Font Info:    Checking defaults for LGR/cmr/m/n on input line 23.
LaTeX Font Info:    Try loading font information for LGR+cmr on input line 23.

(/usr/share/texlive/texmf-dist/tex/generic/babel/lgrcmr.fd
File: lgrcmr.fd 2008/06/17 v2.3 Greek Computer Modern
)
LaTeX Font Info:    ... okay on input line 23.
LaTeX Font Info:    Checking defaults for TS1/cmr/m/n on input line 23.
LaTeX Font Info:    Try loading font information for TS1+cmr on input line 23.

(/usr/share/texlive/texmf-dist/tex/latex/base/ts1cmr.fd
File: ts1cmr.fd 1999/05/25 v2.5h Standard LaTeX font definitions
)
LaTeX Font Info:    ... okay on input line 23.
LaTeX Font Info:    Checking defaults for PD1/pdf/m/n on input line 23.
LaTeX Font Info:    ... okay on input line 23.

(/usr/share/texlive/texmf-dist/tex/context/base/supp-pdf.mkii
[Loading MPS to PDF converter (version 2006.09.02).]
\scratchcounter=\count150
\scratchdimen=\dimen172
\scratchbox=\box44
\nofMPsegments=\count151
\nofMParguments=\count152
\everyMPshowfont=\toks43
\MPscratchCnt=\count153
\MPscratchDim=\dimen173
\MPnumerator=\count154
\makeMPintoPDFobject=\count155
\everyMPtoPDFconversion=\toks44
) ABD: EveryShipout initializing macros
(/usr/share/texlive/texmf-dist/tex/latex/oberdiek/epstopdf-base.sty
Package: epstopdf-base 2010/02/09 v2.5 Base part for package epstopdf

(/usr/share/texlive/texmf-dist/tex/latex/oberdiek/grfext.sty
Package: grfext 2010/08/19 v1.1 Manage graphics extensions (HO)
)
Package grfext Info: Graphics extension search list:
(grfext)             [.png,.pdf,.jpg,.mps,.jpeg,.jbig2,.jb2,.PNG,.PDF,.JPG,.JPE
G,.JBIG2,.JB2,.eps]
(grfext)             \AppendGraphicsExtensions on input line 452.

(/usr/share/texlive/texmf-dist/tex/latex/latexconfig/epstopdf-sys.cfg
File: epstopdf-sys.cfg 2010/07/13 v1.3 Configuration of (r)epstopdf for TeX Liv
e
))
Package caption Info: Begin \AtBeginDocument code.
Package caption Info: subfig package v1.3 is loaded.
Package caption Info: float package is loaded.
Package caption Info: hyperref package is loaded.
Package caption Info: End \AtBeginDocument code.
\AtBeginShipoutBox=\box45
Package hyperref Info: Link coloring OFF on input line 23.

(/usr/share/texlive/texmf-dist/tex/latex/hyperref/nameref.sty
Package: nameref 2010/04/30 v2.40 Cross-referencing by name of section

(/usr/share/texlive/texmf-dist/tex/generic/oberdiek/gettitlestring.sty
Package: gettitlestring 2010/12/03 v1.4 Cleanup title references (HO)
)
\c@section@level=\count156
)
LaTeX Info: Redefining \ref on input line 23.
LaTeX Info: Redefining \pageref on input line 23.
LaTeX Info: Redefining \nameref on input line 23.

(./fis_veg_appunti_book .out) (./fis_veg_appunti_book .out)
\@outlinefile=\write5
\openout5 = `"fis_veg_appunti_book .out"'.

LaTeX Font Info:    Try loading font information for U+msa on input line 27.

(/usr/share/texlive/texmf-dist/tex/latex/amsfonts/umsa.fd
File: umsa.fd 2009/06/22 v3.00 AMS symbols A
)
LaTeX Font Info:    Try loading font information for U+msb on input line 27.

(/usr/share/texlive/texmf-dist/tex/latex/amsfonts/umsb.fd
File: umsb.fd 2009/06/22 v3.00 AMS symbols B
) [1


{/var/lib/texmf/fonts/map/pdftex/updmap/pdftex.map}] [2

] (./fis_veg_appunti_book .toc [3]
[4] [5] [6])
\tf@toc=\write6
\openout6 = `"fis_veg_appunti_book .toc"'.

 [7] [8

]
Capitolo 1.
[9]
Package hyperref Info: bookmark level for unknown todo defaults to 0 on input l
ine 90.
 [10]
Overfull \hbox (0.21985pt too wide) in paragraph at lines 103--104
[]\T1/cmr/m/n/12 L'attrazione tra mo-le-co-le d'ac-qua e su-per-fi-ci so-li-de 
de-ter-mi-na l'\T1/cmr/m/it/12 adesione 
 []

[11] [12] [13] <immagini/hofler.jpg, id=935, 583.17876pt x 399.4925pt>
File: immagini/hofler.jpg Graphic file (type jpg)

<use immagini/hofler.jpg>
Package pdftex.def Info: immagini/hofler.jpg used on input line 210.
(pdftex.def)             Requested size: 233.26736pt x 159.79416pt.
LaTeX Font Info:    Try loading font information for T1+cmss on input line 211.


(/usr/share/texlive/texmf-dist/tex/latex/base/t1cmss.fd
File: t1cmss.fd 1999/05/25 v2.5h Standard LaTeX font definitions
) [14 <./immagini/hofler.jpg>]
Overfull \hbox (62.03278pt too wide) has occurred while \output is active
\T1/cmr/m/sl/12 1.4.  METODI PER LA MISURAZIONE DEL POTENZIALE IDRICO DEI TESSU
TI \T1/cmr/m/n/12 15
 []

[15] [16

]
Capitolo 2.
[17]
Overfull \hbox (51.44463pt too wide) has occurred while \output is active
\T1/cmr/m/n/12 18 \T1/cmr/m/sl/12 CAPITOLO 2.  MOVIMENTO DELL'ACQUA: SUOLO, PIA
NTA E ATMOSFERA
 []

[18] [19]
Overfull \hbox (51.44463pt too wide) has occurred while \output is active
\T1/cmr/m/n/12 20 \T1/cmr/m/sl/12 CAPITOLO 2.  MOVIMENTO DELL'ACQUA: SUOLO, PIA
NTA E ATMOSFERA
 []

[20] <immagini/radice.jpg, id=977, 668.4975pt x 454.69875pt>
File: immagini/radice.jpg Graphic file (type jpg)

<use immagini/radice.jpg>
Package pdftex.def Info: immagini/radice.jpg used on input line 349.
(pdftex.def)             Requested size: 334.24792pt x 227.34882pt.
 [21 <./immagini/radice.jpg>]
Overfull \hbox (51.44463pt too wide) has occurred while \output is active
\T1/cmr/m/n/12 22 \T1/cmr/m/sl/12 CAPITOLO 2.  MOVIMENTO DELL'ACQUA: SUOLO, PIA
NTA E ATMOSFERA
 []

[22] [23]
Overfull \hbox (51.44463pt too wide) has occurred while \output is active
\T1/cmr/m/n/12 24 \T1/cmr/m/sl/12 CAPITOLO 2.  MOVIMENTO DELL'ACQUA: SUOLO, PIA
NTA E ATMOSFERA
 []

[24] [25]
Overfull \hbox (6.43782pt too wide) in paragraph at lines 430--431
[]\T1/cmr/m/n/12 La pres-sio-ne che ser-ve al-l'a-sce-sa del-l'ac-qua si ge-ne-
ra pro-prio per tensione-
 []


Overfull \hbox (51.44463pt too wide) has occurred while \output is active
\T1/cmr/m/n/12 26 \T1/cmr/m/sl/12 CAPITOLO 2.  MOVIMENTO DELL'ACQUA: SUOLO, PIA
NTA E ATMOSFERA
 []

[26] <immagini/velocita.jpg, id=1018, 629.35126pt x 285.065pt>
File: immagini/velocita.jpg Graphic file (type jpg)

<use immagini/velocita.jpg>
Package pdftex.def Info: immagini/velocita.jpg used on input line 464.
(pdftex.def)             Requested size: 314.67485pt x 142.53215pt.
 [27]
Overfull \hbox (51.44463pt too wide) has occurred while \output is active
\T1/cmr/m/n/12 28 \T1/cmr/m/sl/12 CAPITOLO 2.  MOVIMENTO DELL'ACQUA: SUOLO, PIA
NTA E ATMOSFERA
 []

[28 <./immagini/velocita.jpg>]
<immagini/stomi.jpg, id=1029, 785.93625pt x 468.75125pt>
File: immagini/stomi.jpg Graphic file (type jpg)

<use immagini/stomi.jpg>
Package pdftex.def Info: immagini/stomi.jpg used on input line 509.
(pdftex.def)             Requested size: 392.96716pt x 234.37505pt.

Overfull \hbox (2.96716pt too wide) in paragraph at lines 509--510
 [][] 
 []


Underfull \vbox (badness 10000) has occurred while \output is active []

 [29]
Underfull \vbox (badness 10000) has occurred while \output is active []


Overfull \hbox (51.44463pt too wide) has occurred while \output is active
\T1/cmr/m/n/12 30 \T1/cmr/m/sl/12 CAPITOLO 2.  MOVIMENTO DELL'ACQUA: SUOLO, PIA
NTA E ATMOSFERA
 []

[30 <./immagini/stomi.jpg>]
<immagini/chiusura.jpg, id=1042, 691.58376pt x 473.77pt>
File: immagini/chiusura.jpg Graphic file (type jpg)

<use immagini/chiusura.jpg>
Package pdftex.def Info: immagini/chiusura.jpg used on input line 527.
(pdftex.def)             Requested size: 345.79103pt x 236.88441pt.
 [31 <./immagini/chiusura.jpg>]
Overfull \hbox (8.94762pt too wide) in paragraph at lines 550--552
\T1/cmr/m/n/12 sul-l'u-ti-liz-zo di $\OML/cmm/m/it/12 CO[]$\T1/cmr/m/n/12 : ad 
ele-va-ta iso-la-zio-ne, ele-va-to con-su-mo di $\OML/cmm/m/it/12 CO[]$ $[][]\O
MS/cmsy/m/n/12 !$\T1/cmr/m/n/12 apertura
 []


Overfull \hbox (51.44463pt too wide) has occurred while \output is active
\T1/cmr/m/n/12 32 \T1/cmr/m/sl/12 CAPITOLO 2.  MOVIMENTO DELL'ACQUA: SUOLO, PIA
NTA E ATMOSFERA
 []

[32] <immagini/zea.jpg, id=1054, 687.56876pt x 446.66875pt>
File: immagini/zea.jpg Graphic file (type jpg)

<use immagini/zea.jpg>
Package pdftex.def Info: immagini/zea.jpg used on input line 560.
(pdftex.def)             Requested size: 275.02263pt x 178.66432pt.
 [33 <./immagini/zea.jpg>]
Overfull \hbox (51.44463pt too wide) has occurred while \output is active
\T1/cmr/m/n/12 34 \T1/cmr/m/sl/12 CAPITOLO 2.  MOVIMENTO DELL'ACQUA: SUOLO, PIA
NTA E ATMOSFERA
 []

[34]
Capitolo 3.
<immagini/hoagland.jpg, id=1065, 478.78876pt x 414.54875pt>
File: immagini/hoagland.jpg Graphic file (type jpg)

<use immagini/hoagland.jpg>
Package pdftex.def Info: immagini/hoagland.jpg used on input line 587.
(pdftex.def)             Requested size: 191.5121pt x 165.81656pt.
 [35

 <./immagini/hoagland.jpg>]
<immagini/idroponica.jpg, id=1071, 656.4525pt x 340.27126pt>
File: immagini/idroponica.jpg Graphic file (type jpg)

<use immagini/idroponica.jpg>
Package pdftex.def Info: immagini/idroponica.jpg used on input line 604.
(pdftex.def)             Requested size: 262.57634pt x 136.10608pt.

<immagini/pellicola.jpg, id=1072, 681.54625pt x 349.305pt>
File: immagini/pellicola.jpg Graphic file (type jpg)

<use immagini/pellicola.jpg>
Package pdftex.def Info: immagini/pellicola.jpg used on input line 614.
(pdftex.def)             Requested size: 272.61366pt x 139.71951pt.
 [36 <./immagini/idroponica.jpg>]
<immagini/aeroponica.jpg, id=1078, 668.4975pt x 364.36125pt>
File: immagini/aeroponica.jpg Graphic file (type jpg)

<use immagini/aeroponica.jpg>
Package pdftex.def Info: immagini/aeroponica.jpg used on input line 624.
(pdftex.def)             Requested size: 267.39426pt x 145.74191pt.
 [37 <./immagini/pellicola.jpg> <./immagini/aeroponica.jpg>]
Overfull \hbox (18.80276pt too wide) in paragraph at lines 670--671
[]\T1/cmr/m/n/12 Metodo del-l'in-ce-ne-ri-men-to : il tes-su-to rac-col-to vie-
ne es-sic-ca-to (a 90/100\TS1/cmr/m/n/12 \T1/cmr/m/n/12 ),
 []

[38] <immagini/carenza.jpg, id=1093, 651.43375pt x 418.56375pt>
File: immagini/carenza.jpg Graphic file (type jpg)

<use immagini/carenza.jpg>
Package pdftex.def Info: immagini/carenza.jpg used on input line 691.
(pdftex.def)             Requested size: 195.43163pt x 125.57008pt.
 [39] [40 <./immagini/carenza.jpg>] [41] [42]
[43] [44] <immagini/trasporto.jpg, id=1125, 510.90875pt x 466.74374pt>
File: immagini/trasporto.jpg Graphic file (type jpg)

<use immagini/trasporto.jpg>
Package pdftex.def Info: immagini/trasporto.jpg used on input line 793.
(pdftex.def)             Requested size: 204.35988pt x 186.69418pt.
 [45 <./immagini/trasporto.jpg>]
<immagini/strategie.jpg, id=1131, 654.445pt x 367.3725pt>
File: immagini/strategie.jpg Graphic file (type jpg)

<use immagini/strategie.jpg>
Package pdftex.def Info: immagini/strategie.jpg used on input line 819.
(pdftex.def)             Requested size: 261.77336pt x 146.94638pt.
 [46 <./immagini/strategie.jpg>]
<immagini/fittone.jpg, id=1139, 262.9825pt x 441.65pt>
File: immagini/fittone.jpg Graphic file (type jpg)

<use immagini/fittone.jpg>
Package pdftex.def Info: immagini/fittone.jpg used on input line 845.
(pdftex.def)             Requested size: 105.19113pt x 176.65686pt.
 [47 <./immagini/fittone.jpg>] [48] [49]
<immagini/ciclo.jpg, id=1158, 940.51375pt x 520.94624pt>
File: immagini/ciclo.jpg Graphic file (type jpg)

<use immagini/ciclo.jpg>
Package pdftex.def Info: immagini/ciclo.jpg used on input line 921.
(pdftex.def)             Requested size: 376.19884pt x 208.3748pt.
 [50 <./immagini/ciclo.jpg>]
<immagini/azoto.jpg, id=1167, 319.1925pt x 391.4625pt>
File: immagini/azoto.jpg Graphic file (type jpg)

<use immagini/azoto.jpg>
Package pdftex.def Info: immagini/azoto.jpg used on input line 934.
(pdftex.def)             Requested size: 111.71904pt x 137.01392pt.
 [51 <./immagini/azoto.jpg>]
<immagini/nitrato.jpg, id=1173, 959.585pt x 440.64626pt>
File: immagini/nitrato.jpg Graphic file (type jpg)

<use immagini/nitrato.jpg>
Package pdftex.def Info: immagini/nitrato.jpg used on input line 966.
(pdftex.def)             Requested size: 383.8272pt x 176.25537pt.

Underfull \vbox (badness 10000) has occurred while \output is active []

 [52]
<immagini/trasporto1.jpg, id=1181, 800.9925pt x 494.84875pt>
File: immagini/trasporto1.jpg Graphic file (type jpg)

<use immagini/trasporto1.jpg>
Package pdftex.def Info: immagini/trasporto1.jpg used on input line 978.
(pdftex.def)             Requested size: 344.42006pt x 212.7808pt.

Underfull \vbox (badness 6032) has occurred while \output is active []

 [53 <./immagini/nitrato.jpg>] [54 <./immagini/trasporto1.jpg>]
<immagini/nitrato_reduttasi.jpg, id=1197, 582.175pt x 158.5925pt>
File: immagini/nitrato_reduttasi.jpg Graphic file (type jpg)

<use immagini/nitrato_reduttasi.jpg>
Package pdftex.def Info: immagini/nitrato_reduttasi.jpg used on input line 1015
.
(pdftex.def)             Requested size: 250.33037pt x 68.19344pt.
 [55 <./immagini/nitrato_reduttasi.jpg>]
<immagini/nitrito_reduttasi.jpg, id=1206, 569.12625pt x 187.70125pt>
File: immagini/nitrito_reduttasi.jpg Graphic file (type jpg)

<use immagini/nitrito_reduttasi.jpg>
Package pdftex.def Info: immagini/nitrito_reduttasi.jpg used on input line 1029
.
(pdftex.def)             Requested size: 301.63547pt x 99.48119pt.

<immagini/regolazione.jpg, id=1207, 589.20125pt x 489.83pt>
File: immagini/regolazione.jpg Graphic file (type jpg)

<use immagini/regolazione.jpg>
Package pdftex.def Info: immagini/regolazione.jpg used on input line 1040.
(pdftex.def)             Requested size: 176.76173pt x 146.95012pt.

Underfull \vbox (badness 10000) has occurred while \output is active []

 [56 <./immagini/nitrito_reduttasi.jpg>] [57 <./immagini/regolazione.jpg>]
Overfull \hbox (3.7474pt too wide) in paragraph at lines 1065--1066
[]\T1/cmr/m/n/12 Catalizza una rea-zio-ne re-ver-si-bi-le che pu ri-la-scia-re
 am-mo-nio $[][]\OMS/cmsy/m/n/12 !$\T1/cmr/m/n/12 enzima
 []

<immagini/ciclo1.jpg, id=1219, 581.17125pt x 405.515pt>
File: immagini/ciclo1.jpg Graphic file (type jpg)

<use immagini/ciclo1.jpg>
Package pdftex.def Info: immagini/ciclo1.jpg used on input line 1076.
(pdftex.def)             Requested size: 232.46437pt x 162.20311pt.
 [58 <./immagini/ciclo1.jpg>] [59]
Overfull \hbox (13.20638pt too wide) in paragraph at lines 1115--1116
[]\T1/cmr/m/n/12 Reduttasi $[][]\OMS/cmsy/m/n/12 !$\T1/cmr/m/n/12 presenta 32 a
to-mi di fer-ro e con-tie-ne un cen-tro Fe-molibdeno
 []

[60] <immagini/eterocisti.jpg, id=1236, 859.21pt x 448.67625pt>
File: immagini/eterocisti.jpg Graphic file (type jpg)

<use immagini/eterocisti.jpg>
Package pdftex.def Info: immagini/eterocisti.jpg used on input line 1125.
(pdftex.def)             Requested size: 300.72801pt x 157.03903pt.
 [61 <./immagini/eterocisti.jpg>]
Underfull \vbox (badness 10000) has occurred while \output is active []

 [62]
<immagini/leguminose.jpg, id=1248, 836.12375pt x 485.815pt>
File: immagini/leguminose.jpg Graphic file (type jpg)

<use immagini/leguminose.jpg>
Package pdftex.def Info: immagini/leguminose.jpg used on input line 1153.
(pdftex.def)             Requested size: 292.64769pt x 170.0378pt.
 [63 <./immagini/leguminose.jpg>] [64] [65]
[66]
Capitolo 4.
LaTeX Info: Redefining \bond on input line 1212.
LaTeX Info: Redefining \dbond on input line 1212.
LaTeX Info: Redefining \tbond on input line 1212.
LaTeX Info: Redefining \bond on input line 1212.
LaTeX Info: Redefining \dbond on input line 1212.
LaTeX Info: Redefining \tbond on input line 1212.
LaTeX Info: Redefining \bond on input line 1212.
LaTeX Info: Redefining \dbond on input line 1212.
LaTeX Info: Redefining \tbond on input line 1212.
LaTeX Info: Redefining \bond on input line 1212.
LaTeX Info: Redefining \dbond on input line 1212.
LaTeX Info: Redefining \tbond on input line 1212.
LaTeX Info: Redefining \bond on input line 1212.
LaTeX Info: Redefining \dbond on input line 1212.
LaTeX Info: Redefining \tbond on input line 1212.
LaTeX Info: Redefining \bond on input line 1212.
LaTeX Info: Redefining \dbond on input line 1212.
LaTeX Info: Redefining \tbond on input line 1212.
LaTeX Info: Redefining \bond on input line 1212.
LaTeX Info: Redefining \dbond on input line 1212.
LaTeX Info: Redefining \tbond on input line 1212.
LaTeX Info: Redefining \bond on input line 1212.
LaTeX Info: Redefining \dbond on input line 1212.
LaTeX Info: Redefining \tbond on input line 1212.
LaTeX Info: Redefining \bond on input line 1212.
LaTeX Info: Redefining \dbond on input line 1212.
LaTeX Info: Redefining \tbond on input line 1212.

Overfull \hbox (2.76196pt too wide) in paragraph at lines 1217--1218
\T1/cmr/m/n/12 eu-ca-rio-ti. A se-con-da dei pig-men-ti, il co-lo-re del-le pia
n-te/batteri/alghe/cambia. 
 []

<immagini/cloroplasto.jpg, id=1267, 593.21625pt x 337.26pt>
File: immagini/cloroplasto.jpg Graphic file (type jpg)

<use immagini/cloroplasto.jpg>
Package pdftex.def Info: immagini/cloroplasto.jpg used on input line 1222.
(pdftex.def)             Requested size: 207.6288pt x 118.04276pt.

Underfull \vbox (badness 10000) has occurred while \output is active []

 [67

]
[68 <./immagini/cloroplasto.jpg>] [69] [70] [71] [72]
<immagini/antenna.jpg, id=1305, 475.7775pt x 403.5075pt>
File: immagini/antenna.jpg Graphic file (type jpg)

<use immagini/antenna.jpg>
Package pdftex.def Info: immagini/antenna.jpg used on input line 1382.
(pdftex.def)             Requested size: 166.52461pt x 141.22974pt.

Underfull \vbox (badness 10000) has occurred while \output is active []


Overfull \hbox (20.53856pt too wide) has occurred while \output is active
\T1/cmr/m/sl/12 4.3.  PIGMENTI E PROTEINE CHE COSTITUISCONO IL FOTOSISTEMA \T1/
cmr/m/n/12 73
 []

[73] [74 <./immagini/antenna.jpg>] [75]
LaTeX Info: Redefining \bond on input line 1435.
LaTeX Info: Redefining \dbond on input line 1435.
LaTeX Info: Redefining \tbond on input line 1435.
LaTeX Info: Redefining \bond on input line 1435.
LaTeX Info: Redefining \dbond on input line 1435.
LaTeX Info: Redefining \tbond on input line 1435.
LaTeX Info: Redefining \bond on input line 1435.
LaTeX Info: Redefining \dbond on input line 1435.
LaTeX Info: Redefining \tbond on input line 1435.
LaTeX Info: Redefining \bond on input line 1435.
LaTeX Info: Redefining \dbond on input line 1435.
LaTeX Info: Redefining \tbond on input line 1435.
LaTeX Info: Redefining \bond on input line 1435.
LaTeX Info: Redefining \dbond on input line 1435.
LaTeX Info: Redefining \tbond on input line 1435.
LaTeX Info: Redefining \bond on input line 1435.
LaTeX Info: Redefining \dbond on input line 1435.
LaTeX Info: Redefining \tbond on input line 1435.
LaTeX Info: Redefining \bond on input line 1435.
LaTeX Info: Redefining \dbond on input line 1435.
LaTeX Info: Redefining \tbond on input line 1435.
LaTeX Info: Redefining \bond on input line 1435.
LaTeX Info: Redefining \dbond on input line 1435.
LaTeX Info: Redefining \tbond on input line 1435.
LaTeX Info: Redefining \bond on input line 1435.
LaTeX Info: Redefining \dbond on input line 1435.
LaTeX Info: Redefining \tbond on input line 1435.
 [76]
<immagini/chinone.jpg, id=1332, 667.49374pt x 438.63875pt>
File: immagini/chinone.jpg Graphic file (type jpg)

<use immagini/chinone.jpg>
Package pdftex.def Info: immagini/chinone.jpg used on input line 1474.
(pdftex.def)             Requested size: 233.62631pt x 153.52585pt.
 [77] [78 <./immagini/chinone.jpg>]
<immagini/PSI.jpg, id=1344, 859.21pt x 457.71pt>
File: immagini/PSI.jpg Graphic file (type jpg)
 <use immagini/PSI.jpg>
Package pdftex.def Info: immagini/PSI.jpg used on input line 1494.
(pdftex.def)             Requested size: 300.72801pt x 160.2009pt.

<immagini/proteine.jpg, id=1345, 756.8275pt x 563.10374pt>
File: immagini/proteine.jpg Graphic file (type jpg)

<use immagini/proteine.jpg>
Package pdftex.def Info: immagini/proteine.jpg used on input line 1501.
(pdftex.def)             Requested size: 302.72563pt x 225.2375pt.

Underfull \vbox (badness 10000) has occurred while \output is active []

 [79 <./immagini/PSI.jpg>] [80 <./immagini/proteine.jpg>] [81]
<immagini/ciclico.jpg, id=1364, 511.9125pt x 446.66875pt>
File: immagini/ciclico.jpg Graphic file (type jpg)

<use immagini/ciclico.jpg>
Package pdftex.def Info: immagini/ciclico.jpg used on input line 1556.
(pdftex.def)             Requested size: 204.76137pt x 178.66432pt.

Overfull \hbox (13.01395pt too wide) in paragraph at lines 1560--1561
[]\T1/cmr/m/n/12 Conclusioni: La fer-ri-dos-si-na ri-dot-ta pu quin-di do-na-r
e l'e-let-tro-ne al NADP+
 []

[82 <./immagini/ciclico.jpg>]
<immagini/chemiosmosi.jpg, id=1371, 679.53876pt x 310.15875pt>
File: immagini/chemiosmosi.jpg Graphic file (type jpg)

<use immagini/chemiosmosi.jpg>
Package pdftex.def Info: immagini/chemiosmosi.jpg used on input line 1582.
(pdftex.def)             Requested size: 271.81068pt x 124.0613pt.
 [83 <./immagini/chemiosmosi.jpg>] [84]
<immagini/erbicidi.jpg, id=1387, 609.27625pt x 406.51875pt>
File: immagini/erbicidi.jpg Graphic file (type jpg)

<use immagini/erbicidi.jpg>
Package pdftex.def Info: immagini/erbicidi.jpg used on input line 1643.
(pdftex.def)             Requested size: 243.70618pt x 162.60461pt.
 [85 <./immagini/erbicidi.jpg>] [86

]
Capitolo 5.
<immagini/calvin.jpg, id=1398, 670.505pt x 526.96875pt>
File: immagini/calvin.jpg Graphic file (type jpg)

<use immagini/calvin.jpg>
Package pdftex.def Info: immagini/calvin.jpg used on input line 1666.
(pdftex.def)             Requested size: 268.19725pt x 210.78375pt.

Underfull \vbox (badness 10000) has occurred while \output is active []

 [87]
<immagini/carbossilazione.jpg, id=1406, 812.03375pt x 403.5075pt>
File: immagini/carbossilazione.jpg Graphic file (type jpg)

<use immagini/carbossilazione.jpg>
Package pdftex.def Info: immagini/carbossilazione.jpg used on input line 1677.
(pdftex.def)             Requested size: 324.80774pt x 161.40013pt.

Underfull \vbox (badness 10000) has occurred while \output is active []

 [88 <./immagini/calvin.jpg>] [89 <./immagini/carbossilazione.jpg>]
Overfull \hbox (29.14433pt too wide) in paragraph at lines 1715--1716
\T1/cmr/m/n/12 ner-gia del NAD-PH, ad ope-ra del-l'en-zi-ma \T1/cmr/m/it/12 gli
ceraldeide-3-fosfato-deidrogenasi[][][] 
 []

<immagini/riduzione.jpg, id=1421, 775.89874pt x 240.9pt>
File: immagini/riduzione.jpg Graphic file (type jpg)

<use immagini/riduzione.jpg>
Package pdftex.def Info: immagini/riduzione.jpg used on input line 1719.
(pdftex.def)             Requested size: 310.354pt x 96.35828pt.

<immagini/rigenerazione.jpg, id=1423, 560.0925pt x 488.82625pt>
File: immagini/rigenerazione.jpg Graphic file (type jpg)

<use immagini/rigenerazione.jpg>
Package pdftex.def Info: immagini/rigenerazione.jpg used on input line 1727.
(pdftex.def)             Requested size: 224.03302pt x 195.52702pt.
 [90 <./immagini/riduzione.jpg>] [91 <./immagini/rigenerazione.jpg>] [92]
<immagini/reg.jpg, id=1449, 548.0475pt x 406.51875pt>
File: immagini/reg.jpg Graphic file (type jpg)
 <use immagini/reg.jpg>
Package pdftex.def Info: immagini/reg.jpg used on input line 1770.
(pdftex.def)             Requested size: 219.2151pt x 162.60461pt.

<immagini/reg1.jpg, id=1450, 549.05125pt x 290.08376pt>
File: immagini/reg1.jpg Graphic file (type jpg)

<use immagini/reg1.jpg>
Package pdftex.def Info: immagini/reg1.jpg used on input line 1783.
(pdftex.def)             Requested size: 219.61661pt x 116.03143pt.
 [93 <./immagini/reg.jpg>]
<immagini/reg2.jpg, id=1456, 483.8075pt x 437.635pt>
File: immagini/reg2.jpg Graphic file (type jpg)
 <use immagini/reg2.jpg>
Package pdftex.def Info: immagini/reg2.jpg used on input line 1797.
(pdftex.def)             Requested size: 193.51956pt x 175.05089pt.

<immagini/reg4.jpg, id=1457, 632.3625pt x 499.8675pt>
File: immagini/reg4.jpg Graphic file (type jpg)
 <use immagini/reg4.jpg>
Package pdftex.def Info: immagini/reg4.jpg used on input line 1805.
(pdftex.def)             Requested size: 252.94052pt x 199.94345pt.

[94 <./immagini/reg1.jpg> <./immagini/reg2.jpg>] [95 <./immagini/reg4.jpg>]
<immagini/c2.jpg, id=1471, 758.835pt x 533.995pt>
File: immagini/c2.jpg Graphic file (type jpg)
 <use immagini/c2.jpg>
Package pdftex.def Info: immagini/c2.jpg used on input line 1825.
(pdftex.def)             Requested size: 303.52863pt x 213.59421pt.

Underfull \vbox (badness 2547) has occurred while \output is active []

 [96 <./immagini/c2.jpg>] [97] [98]
Overfull \hbox (25.50125pt too wide) in paragraph at lines 1896--1896
[]\T1/cmr/m/n/12 Nell'atmosfera la $\OML/cmm/m/it/12 CO[]$ \T1/cmr/m/n/12  600
 vol-te me-no con-cen-tra-ta del-l'os-si-ge-no $[][]\OMS/cmsy/m/n/12 !$\T1/cmr/
m/n/12 favorita
 []

[99] [100] <immagini/saccarosio.jpg, id=1507, 393.47pt x 160.6pt>
File: immagini/saccarosio.jpg Graphic file (type jpg)

<use immagini/saccarosio.jpg>
Package pdftex.def Info: immagini/saccarosio.jpg used on input line 1934.
(pdftex.def)             Requested size: 157.38521pt x 64.23885pt.

<immagini/saccarosio1.jpg, id=1508, 686.565pt x 439.6425pt>
File: immagini/saccarosio1.jpg Graphic file (type jpg)

<use immagini/saccarosio1.jpg>
Package pdftex.def Info: immagini/saccarosio1.jpg used on input line 1945.
(pdftex.def)             Requested size: 274.62112pt x 175.85388pt.

Overfull \hbox (11.72278pt too wide) has occurred while \output is active
\T1/cmr/m/sl/12 5.4.  DESTINO DEGLI ZUCCHERI PRODOTTI DAL CICLO DI CALVIN \T1/c
mr/m/n/12 101
 []

[101 <./immagini/saccarosio.jpg>]
Overfull \hbox (30.41447pt too wide) in paragraph at lines 1961--1962
 []\T1/cmr/bx/n/12 Amido[] \T1/cmr/m/n/12 L'a-mi-do nei gra-nu-li co-sti-tui-sc
e una for-ma semi-cristallina $[][]\OMS/cmsy/m/n/12 !$\T1/cmr/m/n/12 rifrangenz
a.
 []

[102 <./immagini/saccarosio1.jpg>]
Overfull \hbox (11.72278pt too wide) has occurred while \output is active
\T1/cmr/m/sl/12 5.4.  DESTINO DEGLI ZUCCHERI PRODOTTI DAL CICLO DI CALVIN \T1/c
mr/m/n/12 103
 []

[103] [104

]
Capitolo 6.

Underfull \vbox (badness 4927) has occurred while \output is active []

 [105]
Underfull \vbox (badness 10000) has occurred while \output is active []

 [106]
[107] [108

]
Capitolo 7.
<immagini/C4.jpg, id=1549, 808.01875pt x 432.61626pt>
File: immagini/C4.jpg Graphic file (type jpg)
 <use immagini/C4.jpg>
Package pdftex.def Info: immagini/C4.jpg used on input line 2034.
(pdftex.def)             Requested size: 323.20177pt x 173.04343pt.

[109 <./immagini/C4.jpg>]
<immagini/metabolismo.jpg, id=1556, 367.3725pt x 503.8825pt>
File: immagini/metabolismo.jpg Graphic file (type jpg)

<use immagini/metabolismo.jpg>
Package pdftex.def Info: immagini/metabolismo.jpg used on input line 2057.
(pdftex.def)             Requested size: 146.94638pt x 201.54942pt.
 [110 <./immagini/metabolismo.jpg>]
<immagini/malico.jpg, id=1565, 786.94pt x 532.99126pt>
File: immagini/malico.jpg Graphic file (type jpg)

<use immagini/malico.jpg>
Package pdftex.def Info: immagini/malico.jpg used on input line 2066.
(pdftex.def)             Requested size: 236.08382pt x 159.8986pt.
 [111 <./immagini/malico.jpg>] [112] [113]

Package hyperref Warning: Token not allowed in a PDF string (PDFDocEncoding):
(hyperref)                removing `math shift' on input line 2127.


Package hyperref Warning: Token not allowed in a PDF string (PDFDocEncoding):
(hyperref)                removing `subscript' on input line 2127.


Package hyperref Warning: Token not allowed in a PDF string (PDFDocEncoding):
(hyperref)                removing `math shift' on input line 2127.

[114] [115] [116

]
Capitolo 8.
[117] [118] [119] [120]
Capitolo 9.
<immagini/coleottile.jpg, id=1627, 788.9475pt x 444.66125pt>
File: immagini/coleottile.jpg Graphic file (type jpg)

<use immagini/coleottile.jpg>
Package pdftex.def Info: immagini/coleottile.jpg used on input line 2235.
(pdftex.def)             Requested size: 315.5734pt x 177.86134pt.
 [121

]
<immagini/biosintesi.jpg, id=1635, 737.75626pt x 520.94624pt>
File: immagini/biosintesi.jpg Graphic file (type jpg)

<use immagini/biosintesi.jpg>
Package pdftex.def Info: immagini/biosintesi.jpg used on input line 2248.
(pdftex.def)             Requested size: 295.09727pt x 208.3748pt.

Underfull \vbox (badness 5652) has occurred while \output is active []

 [122 <./immagini/coleottile.jpg>] [123 <./immagini/biosintesi.jpg>]
<immagini/chemio.jpg, id=1650, 448.67625pt x 478.78876pt>
File: immagini/chemio.jpg Graphic file (type jpg)

<use immagini/chemio.jpg>
Package pdftex.def Info: immagini/chemio.jpg used on input line 2284.
(pdftex.def)             Requested size: 179.46732pt x 191.5121pt.
 [124] [125 <./immagini/chemio.jpg>]
<immagini/aux.jpg, id=1667, 688.5725pt x 454.69875pt>
File: immagini/aux.jpg Graphic file (type jpg)
 <use immagini/aux.jpg>
Package pdftex.def Info: immagini/aux.jpg used on input line 2312.
(pdftex.def)             Requested size: 275.4241pt x 181.87627pt.

Underfull \vbox (badness 1502) has occurred while \output is active []

 [126 <./immagini/aux.jpg>] [127]
<immagini/fototropina.jpg, id=1680, 605.26125pt x 445.665pt>
File: immagini/fototropina.jpg Graphic file (type jpg)

<use immagini/fototropina.jpg>
Package pdftex.def Info: immagini/fototropina.jpg used on input line 2373.
(pdftex.def)             Requested size: 242.1002pt x 178.26283pt.
 [128] [129 <./immagini/fototropina.jpg>]
<immagini/morfo.jpg, id=1695, 637.38126pt x 356.33125pt>
File: immagini/morfo.jpg Graphic file (type jpg)

<use immagini/morfo.jpg>
Package pdftex.def Info: immagini/morfo.jpg used on input line 2401.
(pdftex.def)             Requested size: 254.94798pt x 142.52997pt.

<immagini/morf.jpg, id=1696, 727.71875pt x 475.7775pt>
File: immagini/morf.jpg Graphic file (type jpg)
 <use immagini/morf.jpg>
Package pdftex.def Info: immagini/morf.jpg used on input line 2416.
(pdftex.def)             Requested size: 291.08234pt x 190.30762pt.

[130 <./immagini/morfo.jpg>]
Underfull \vbox (badness 1460) has occurred while \output is active []

 [131 <./immagini/morf.jpg>] [132]
Capitolo 10.
<immagini/gib.jpg, id=1713, 937.5025pt x 322.20375pt>
File: immagini/gib.jpg Graphic file (type jpg)
 <use immagini/gib.jpg>
Package pdftex.def Info: immagini/gib.jpg used on input line 2447.
(pdftex.def)             Requested size: 374.99435pt x 128.87921pt.

[133

 <./immagini/gib.jpg>]
Overfull \hbox (16.3563pt too wide) in paragraph at lines 2460--2461
 []\T1/cmr/bx/n/12 GID[] \T1/cmr/m/n/12 Re-cet-to-re so-lu-bi-le, nu-clea-re, c
he pre-sen-ta al-l'e-stre-mi-t ammino-terminale
 []

[134] [135] [136]
Capitolo 11.
<immagini/chinetina.jpg, id=1735, 415.5525pt x 336.25626pt>
File: immagini/chinetina.jpg Graphic file (type jpg)

<use immagini/chinetina.jpg>
Package pdftex.def Info: immagini/chinetina.jpg used on input line 2515.
(pdftex.def)             Requested size: 166.21805pt x 134.5001pt.

<immagini/CK.jpg, id=1737, 772.8875pt x 365.365pt>
File: immagini/CK.jpg Graphic file (type jpg)
 <use immagini/CK.jpg>
Package pdftex.def Info: immagini/CK.jpg used on input line 2526.
(pdftex.def)             Requested size: 270.51468pt x 127.87965pt.

Underfull \vbox (badness 1708) has occurred while \output is active []

 [137

 <./immagini/chinetina.jpg>]
Overfull \hbox (0.82213pt too wide) in paragraph at lines 2534--2539
[]\T1/cmr/m/n/12 Il ge-ne \T1/cmr/m/it/12 IPT \T1/cmr/m/n/12 del T-DNA co-di-fi
-ca per l'en-zi-ma \T1/cmr/m/it/12 iso-pen-te-nil trans-fe-ra-si \T1/cmr/m/n/12
 (IPT).
 []

[138 <./immagini/CK.jpg>]
<immagini/biosintesi2.jpg, id=1749, 969.6225pt x 409.53pt>
File: immagini/biosintesi2.jpg Graphic file (type jpg)

<use immagini/biosintesi2.jpg>
Package pdftex.def Info: immagini/biosintesi2.jpg used on input line 2549.
(pdftex.def)             Requested size: 387.84213pt x 163.80908pt.

<immagini/bio3.jpg, id=1750, 456.70625pt x 485.815pt>
File: immagini/bio3.jpg Graphic file (type jpg)
 <use immagini/bio3.jpg>
Package pdftex.def Info: immagini/bio3.jpg used on input line 2556.
(pdftex.def)             Requested size: 182.67926pt x 194.32256pt.

Underfull \vbox (badness 10000) has occurred while \output is active []

 [139 <./immagini/biosintesi2.jpg>] [140 <./immagini/bio3.jpg>]
<immagini/sensore.jpg, id=1764, 827.09pt x 323.2075pt>
File: immagini/sensore.jpg Graphic file (type jpg)

<use immagini/sensore.jpg>
Package pdftex.def Info: immagini/sensore.jpg used on input line 2584.
(pdftex.def)             Requested size: 330.83012pt x 129.2807pt.
 [141 <./immagini/sensore.jpg>]
Overfull \hbox (6.87943pt too wide) in paragraph at lines 2612--2613
[]\T1/cmr/m/n/12 Un \T1/cmr/bx/n/12 re-go-la-to-re di ti-po B \T1/cmr/m/n/12 ha
 il do-mi-nio ri-ce-ven-te al-l'e-stre-mi-t N-terminale,
 []

<immagini/ARR.jpg, id=1771, 841.1425pt x 532.99126pt>
File: immagini/ARR.jpg Graphic file (type jpg)
 <use immagini/ARR.jpg>
Package pdftex.def Info: immagini/ARR.jpg used on input line 2621.
(pdftex.def)             Requested size: 336.45103pt x 213.19272pt.

[142] [143 <./immagini/ARR.jpg>] [144

]
Capitolo 12.
[145]
Overfull \hbox (149.05728pt too wide) has occurred while \output is active
\T1/cmr/m/n/12 146 \T1/cmr/m/sl/12 CAPITOLO 12.  ETILENE: EFFETTI SULLO SVILUPP
O E SULLA FISIOLOGIA DELLE PIANTE
 []

[146] [147]
Overfull \hbox (149.05728pt too wide) has occurred while \output is active
\T1/cmr/m/n/12 148 \T1/cmr/m/sl/12 CAPITOLO 12.  ETILENE: EFFETTI SULLO SVILUPP
O E SULLA FISIOLOGIA DELLE PIANTE
 []

[148

]
Capitolo 13.
[149] [150]
Capitolo 14.
[151

] [152] [153] <immagini/stress.jpg, id=1835, 582.175pt x 357.335pt>
File: immagini/stress.jpg Graphic file (type jpg)

<use immagini/stress.jpg>
Package pdftex.def Info: immagini/stress.jpg used on input line 2781.
(pdftex.def)             Requested size: 232.86588pt x 142.93146pt.

<immagini/aggiustamento.jpg, id=1837, 387.4475pt x 401.5pt>
File: immagini/aggiustamento.jpg Graphic file (type jpg)

<use immagini/aggiustamento.jpg>
Package pdftex.def Info: immagini/aggiustamento.jpg used on input line 2789.
(pdftex.def)             Requested size: 154.97624pt x 160.59715pt.

Underfull \vbox (badness 10000) has occurred while \output is active []

 [154 <./immagini/stress.jpg>] <immagini/heat.jpg, id=1846, 400.49625pt x 416.5
5624pt>
File: immagini/heat.jpg Graphic file (type jpg)

<use immagini/heat.jpg>
Package pdftex.def Info: immagini/heat.jpg used on input line 2811.
(pdftex.def)             Requested size: 160.19566pt x 166.61954pt.
 [155 <./immagini/aggiustamento.jpg>]
<immagini/EF.jpg, id=1854, 545.03625pt x 137.51375pt>
File: immagini/EF.jpg Graphic file (type jpg)
 <use immagini/EF.jpg>
Package pdftex.def Info: immagini/EF.jpg used on input line 2830.
(pdftex.def)             Requested size: 218.01064pt x 55.00452pt.

[156 <./immagini/heat.jpg> <./immagini/EF.jpg>] [157] [158] [159] [160]
[161] [162] [163] [164]
Capitolo 15.
[165

] [166] [167] [168]
Capitolo 16.
[169

] <immagini/CO2.jpg, id=1928, 531.9875pt x 370.38374pt>
File: immagini/CO2.jpg Graphic file (type jpg)

<use immagini/CO2.jpg>
Package pdftex.def Info: immagini/CO2.jpg used on input line 3114.
(pdftex.def)             Requested size: 212.79123pt x 148.15086pt.

<immagini/mauna.jpg, id=1929, 637.38126pt x 466.74374pt>
File: immagini/mauna.jpg Graphic file (type jpg)

<use immagini/mauna.jpg>
Package pdftex.def Info: immagini/mauna.jpg used on input line 3123.
(pdftex.def)             Requested size: 254.94798pt x 186.69418pt.
 [170 <./immagini/CO2.jpg>] [171 <./immagini/mauna.jpg>] [172] [173] <immagini/
acclimatazione.jpg, id=1953, 672.5125pt x 409.53pt>
File: immagini/acclimatazione.jpg Graphic file (type jpg)

<use immagini/acclimatazione.jpg>
Package pdftex.def Info: immagini/acclimatazione.jpg used on input line 3193.
(pdftex.def)             Requested size: 269.00023pt x 163.80908pt.
 [174 <./immagini/acclimatazione.jpg>]
[175]
Package atveryend Info: Empty hook `BeforeClearDocument' on input line 3236.
 [176]
Package atveryend Info: Empty hook `AfterLastShipout' on input line 3236.
 (./fis_veg_appunti_book .aux)
Package atveryend Info: Executing hook `AtVeryEndDocument' on input line 3236.
Package atveryend Info: Executing hook `AtEndAfterFileList' on input line 3236.

Package rerunfilecheck Info: File `"fis_veg_appunti_book ".out' has not changed
.
(rerunfilecheck)             Checksum: A1F8A405663DCBF5B392F1A4E32F4904;12026.
Package atveryend Info: Empty hook `AtVeryVeryEnd' on input line 3236.
 ) 
Here is how much of TeX's memory you used:
 19493 strings out of 493485
 332074 string characters out of 3143525
 406418 words of memory out of 3000000
 21757 multiletter control sequences out of 15000+200000
 24919 words of font info for 64 fonts, out of 3000000 for 9000
 957 hyphenation exceptions out of 8191
 63i,15n,92p,997b,1049s stack positions out of 5000i,500n,10000p,200000b,50000s
{/usr/share/texmf/fonts/enc/dvips/cm-super/cm-super-t1.enc}{/usr/share/texmf/
fonts/enc/dvips/cm-super/cm-super-ts1.enc}</usr/share/texlive/texmf-dist/fonts/
type1/public/amsfonts/cm/cmmi10.pfb></usr/share/texlive/texmf-dist/fonts/type1/
public/amsfonts/cm/cmmi12.pfb></usr/share/texlive/texmf-dist/fonts/type1/public
/amsfonts/cm/cmmi6.pfb></usr/share/texlive/texmf-dist/fonts/type1/public/amsfon
ts/cm/cmmi8.pfb></usr/share/texlive/texmf-dist/fonts/type1/public/amsfonts/cm/c
mr10.pfb></usr/share/texlive/texmf-dist/fonts/type1/public/amsfonts/cm/cmr12.pf
b></usr/share/texlive/texmf-dist/fonts/type1/public/amsfonts/cm/cmr6.pfb></usr/
share/texlive/texmf-dist/fonts/type1/public/amsfonts/cm/cmr7.pfb></usr/share/te
xlive/texmf-dist/fonts/type1/public/amsfonts/cm/cmr8.pfb></usr/share/texlive/te
xmf-dist/fonts/type1/public/amsfonts/cm/cmsy10.pfb></usr/share/texlive/texmf-di
st/fonts/type1/public/amsfonts/cm/cmsy8.pfb></usr/share/texmf/fonts/type1/publi
c/cm-super/sfbx1200.pfb></usr/share/texmf/fonts/type1/public/cm-super/sfbx1440.
pfb></usr/share/texmf/fonts/type1/public/cm-super/sfbx1728.pfb></usr/share/texm
f/fonts/type1/public/cm-super/sfbx2488.pfb></usr/share/texmf/fonts/type1/public
/cm-super/sfrm0700.pfb></usr/share/texmf/fonts/type1/public/cm-super/sfrm0800.p
fb></usr/share/texmf/fonts/type1/public/cm-super/sfrm1000.pfb></usr/share/texmf
/fonts/type1/public/cm-super/sfrm1200.pfb></usr/share/texmf/fonts/type1/public/
cm-super/sfrm1440.pfb></usr/share/texmf/fonts/type1/public/cm-super/sfrm2074.pf
b></usr/share/texmf/fonts/type1/public/cm-super/sfsl1200.pfb></usr/share/texmf/
fonts/type1/public/cm-super/sfsx1200.pfb></usr/share/texmf/fonts/type1/public/c
m-super/sfti1200.pfb>
Output written on "fis_veg_appunti_book .pdf" (176 pages, 4580076 bytes).
PDF statistics:
 2183 PDF objects out of 2487 (max. 8388607)
 1895 compressed objects within 19 object streams
 610 named destinations out of 1000 (max. 500000)
 1660 words of extra memory for PDF output out of 10000 (max. 10000000)

