\BOOKMARK [0][-]{chapter.1}{Relazioni Idriche}{}% 1
\BOOKMARK [1][-]{section.1.1}{Caratteristiche molecolari dell'acqua}{chapter.1}% 2
\BOOKMARK [1][-]{section.1.2}{Come avviene il movimento d'acqua?}{chapter.1}% 3
\BOOKMARK [2][-]{subsection.1.2.1}{Diffusione}{section.1.2}% 4
\BOOKMARK [2][-]{subsection.1.2.2}{Flusso di massa}{section.1.2}% 5
\BOOKMARK [2][-]{subsection.1.2.3}{Osmosi}{section.1.2}% 6
\BOOKMARK [1][-]{section.1.3}{Potenziale idrico}{chapter.1}% 7
\BOOKMARK [2][-]{subsection.1.3.1}{Diagramma di Hofler}{section.1.3}% 8
\BOOKMARK [1][-]{section.1.4}{Metodi per la misurazione del potenziale idrico dei tessuti}{chapter.1}% 9
\BOOKMARK [0][-]{chapter.2}{Movimento dell'acqua: suolo, pianta e atmosfera}{}% 10
\BOOKMARK [1][-]{section.2.1}{Il suolo}{chapter.2}% 11
\BOOKMARK [2][-]{subsection.2.1.1}{Struttura}{section.2.1}% 12
\BOOKMARK [2][-]{subsection.2.1.2}{pH del suolo}{section.2.1}% 13
\BOOKMARK [1][-]{section.2.2}{Assorbimento di acqua a livello della radice}{chapter.2}% 14
\BOOKMARK [2][-]{subsection.2.2.1}{Salita della linfa grezza}{section.2.2}% 15
\BOOKMARK [2][-]{subsection.2.2.2}{Movimento dell'acqua dalla foglia all'atmosfera}{section.2.2}% 16
\BOOKMARK [2][-]{subsection.2.2.3}{Teoria della tensione-coesione-adesione}{section.2.2}% 17
\BOOKMARK [2][-]{subsection.2.2.4}{Misurazione del potenziale di pressione nei vasi xilematici}{section.2.2}% 18
\BOOKMARK [2][-]{subsection.2.2.5}{Cavitazione ed embolia}{section.2.2}% 19
\BOOKMARK [2][-]{subsection.2.2.6}{Velocit\340 del flusso della linfa xilematica}{section.2.2}% 20
\BOOKMARK [2][-]{subsection.2.2.7}{Pressione radicale}{section.2.2}% 21
\BOOKMARK [1][-]{section.2.3}{Traspirazione stomatica}{chapter.2}% 22
\BOOKMARK [2][-]{subsection.2.3.1}{Stomi}{section.2.3}% 23
\BOOKMARK [2][-]{subsection.2.3.2}{Andamento dell'apertura stomatica}{section.2.3}% 24
\BOOKMARK [2][-]{subsection.2.3.3}{Acido abscissico \(ABA\)}{section.2.3}% 25
\BOOKMARK [0][-]{chapter.3}{Nutrizione minerale}{}% 26
\BOOKMARK [1][-]{section.3.1}{Carenze nutritive}{chapter.3}% 27
\BOOKMARK [2][-]{subsection.3.1.1}{AZOTO}{section.3.1}% 28
\BOOKMARK [1][-]{section.3.2}{Macronutrienti}{chapter.3}% 29
\BOOKMARK [2][-]{subsection.3.2.1}{Fosforo}{section.3.2}% 30
\BOOKMARK [2][-]{subsection.3.2.2}{Potassio}{section.3.2}% 31
\BOOKMARK [2][-]{subsection.3.2.3}{Zolfo}{section.3.2}% 32
\BOOKMARK [2][-]{subsection.3.2.4}{Calcio}{section.3.2}% 33
\BOOKMARK [2][-]{subsection.3.2.5}{Magnesio}{section.3.2}% 34
\BOOKMARK [1][-]{section.3.3}{Micronutrienti}{chapter.3}% 35
\BOOKMARK [2][-]{subsection.3.3.1}{Ferro}{section.3.3}% 36
\BOOKMARK [2][-]{subsection.3.3.2}{Boro}{section.3.3}% 37
\BOOKMARK [2][-]{subsection.3.3.3}{Rame}{section.3.3}% 38
\BOOKMARK [2][-]{subsection.3.3.4}{Zinco}{section.3.3}% 39
\BOOKMARK [2][-]{subsection.3.3.5}{Manganese}{section.3.3}% 40
\BOOKMARK [2][-]{subsection.3.3.6}{Molibdeno}{section.3.3}% 41
\BOOKMARK [2][-]{subsection.3.3.7}{Cloro}{section.3.3}% 42
\BOOKMARK [2][-]{subsection.3.3.8}{Nickel}{section.3.3}% 43
\BOOKMARK [1][-]{section.3.4}{Trasporto cellulare}{chapter.3}% 44
\BOOKMARK [2][-]{subsection.3.4.1}{Cinetiche di trasporto}{section.3.4}% 45
\BOOKMARK [2][-]{subsection.3.4.2}{Un caso particolre: il ferro}{section.3.4}% 46
\BOOKMARK [1][-]{section.3.5}{Assorbimento degli ioni}{chapter.3}% 47
\BOOKMARK [1][-]{section.3.6}{Interazioni radici-batteri}{chapter.3}% 48
\BOOKMARK [2][-]{subsection.3.6.1}{Ruoli fisiologici}{section.3.6}% 49
\BOOKMARK [1][-]{section.3.7}{Ciclo biogeochimico dell'azoto}{chapter.3}% 50
\BOOKMARK [2][-]{subsection.3.7.1}{Assimilazione dell'N}{section.3.7}% 51
\BOOKMARK [1][-]{section.3.8}{Assorbimento dell'azoto}{chapter.3}% 52
\BOOKMARK [2][-]{subsection.3.8.1}{Assorbimento del nitrato}{section.3.8}% 53
\BOOKMARK [2][-]{subsection.3.8.2}{Riduzione del nitrato}{section.3.8}% 54
\BOOKMARK [2][-]{subsection.3.8.3}{Assimilazione dell'ammoniaca: ciclo GS-GOGAT}{section.3.8}% 55
\BOOKMARK [2][-]{subsection.3.8.4}{Sintesi di amminoacidi}{section.3.8}% 56
\BOOKMARK [2][-]{subsection.3.8.5}{La fissazione biologia dell'azoto}{section.3.8}% 57
\BOOKMARK [2][-]{subsection.3.8.6}{L'eterocisti delle alghe azzurre}{section.3.8}% 58
\BOOKMARK [1][-]{section.3.9}{La fissazione azotata nelle Leguminose}{chapter.3}% 59
\BOOKMARK [2][-]{subsection.3.9.1}{Comunicazione}{section.3.9}% 60
\BOOKMARK [2][-]{subsection.3.9.2}{La via comune di segnalazione SYM}{section.3.9}% 61
\BOOKMARK [2][-]{subsection.3.9.3}{La fisiologia del nodulo}{section.3.9}% 62
\BOOKMARK [2][-]{subsection.3.9.4}{Bilancio energetico dell'azotofissazione}{section.3.9}% 63
\BOOKMARK [0][-]{chapter.4}{La fotosintesi}{}% 64
\BOOKMARK [1][-]{section.4.1}{Carotenoidi}{chapter.4}% 65
\BOOKMARK [1][-]{section.4.2}{De-eccitazione dei pigmenti}{chapter.4}% 66
\BOOKMARK [1][-]{section.4.3}{Pigmenti e proteine che costituiscono il fotosistema}{chapter.4}% 67
\BOOKMARK [1][-]{section.4.4}{Fotosistemi I e II}{chapter.4}% 68
\BOOKMARK [2][-]{subsection.4.4.1}{Fotosistema II}{section.4.4}% 69
\BOOKMARK [2][-]{subsection.4.4.2}{Ossidazione fotosintetica dell'acqua}{section.4.4}% 70
\BOOKMARK [1][-]{section.4.5}{Fotosistema I}{chapter.4}% 71
\BOOKMARK [2][-]{subsection.4.5.1}{Trasporto elettronico}{section.4.5}% 72
\BOOKMARK [1][-]{section.4.6}{Regolazione dell'assorbimento della luce}{chapter.4}% 73
\BOOKMARK [2][-]{subsection.4.6.1}{Il trasporto ciclico}{section.4.6}% 74
\BOOKMARK [1][-]{section.4.7}{Fotofosforilazione}{chapter.4}% 75
\BOOKMARK [2][-]{subsection.4.7.1}{ATP sintasi}{section.4.7}% 76
\BOOKMARK [0][-]{chapter.5}{Fase oscura fotosintesi}{}% 77
\BOOKMARK [1][-]{section.5.1}{Ciclo di Calvin}{chapter.5}% 78
\BOOKMARK [2][-]{subsection.5.1.1}{Carbossilazione}{section.5.1}% 79
\BOOKMARK [2][-]{subsection.5.1.2}{Riduzione}{section.5.1}% 80
\BOOKMARK [2][-]{subsection.5.1.3}{Rigenerazione}{section.5.1}% 81
\BOOKMARK [2][-]{subsection.5.1.4}{Stechiometria del ciclo di Calvin}{section.5.1}% 82
\BOOKMARK [1][-]{section.5.2}{Regolazione del ciclo di Calvin}{chapter.5}% 83
\BOOKMARK [2][-]{subsection.5.2.1}{Regolazione in funzione della velocit\340 alla quale il C \350 utilizzato per la sintesi dei carboidrati}{section.5.2}% 84
\BOOKMARK [2][-]{subsection.5.2.2}{Regolazione ad opera della luce}{section.5.2}% 85
\BOOKMARK [2][-]{subsection.5.2.3}{Regolazione per attivazione catalitica della RuBisCO}{section.5.2}% 86
\BOOKMARK [1][-]{section.5.3}{Fotorespirazione}{chapter.5}% 87
\BOOKMARK [2][-]{subsection.5.3.1}{Gli organuli}{section.5.3}% 88
\BOOKMARK [2][-]{subsection.5.3.2}{Fase 1}{section.5.3}% 89
\BOOKMARK [2][-]{subsection.5.3.3}{Fase 2}{section.5.3}% 90
\BOOKMARK [2][-]{subsection.5.3.4}{Funzioni fotorespirazione}{section.5.3}% 91
\BOOKMARK [1][-]{section.5.4}{Destino degli zuccheri prodotti dal ciclo di Calvin}{chapter.5}% 92
\BOOKMARK [2][-]{subsection.5.4.1}{Sintesi di saccarosio}{section.5.4}% 93
\BOOKMARK [2][-]{subsection.5.4.2}{Sintesi di amido}{section.5.4}% 94
\BOOKMARK [0][-]{chapter.6}{Fotoinibizione}{}% 95
\BOOKMARK [1][-]{section.6.1}{Fotoinibizione dinamica}{chapter.6}% 96
\BOOKMARK [1][-]{section.6.2}{Fotoinibizione cronica}{chapter.6}% 97
\BOOKMARK [2][-]{subsection.6.2.1}{Altri meccanismi protettivi}{section.6.2}% 98
\BOOKMARK [0][-]{chapter.7}{Fotosintesi CAM e C4}{}% 99
\BOOKMARK [1][-]{section.7.1}{C4}{chapter.7}% 100
\BOOKMARK [2][-]{subsection.7.1.1}{Enzima decarbossilante}{section.7.1}% 101
\BOOKMARK [2][-]{subsection.7.1.2}{Enzima malico NADP}{section.7.1}% 102
\BOOKMARK [2][-]{subsection.7.1.3}{Perch\350 le cellule della guaina del fascio non producono NADPH?}{section.7.1}% 103
\BOOKMARK [1][-]{section.7.2}{Recolazione ciclo C4}{chapter.7}% 104
\BOOKMARK [2][-]{subsection.7.2.1}{Punto di compensazione per la CO2}{section.7.2}% 105
\BOOKMARK [2][-]{subsection.7.2.2}{Caratteristiche piante C3}{section.7.2}% 106
\BOOKMARK [1][-]{section.7.3}{CAM}{chapter.7}% 107
\BOOKMARK [1][-]{section.7.4}{Confronto CAM e C4}{chapter.7}% 108
\BOOKMARK [0][-]{chapter.8}{Trasporto floematico}{}% 109
\BOOKMARK [1][-]{section.8.1}{Cellule compagne}{chapter.8}% 110
\BOOKMARK [2][-]{subsection.8.1.1}{Componenti floematiche}{section.8.1}% 111
\BOOKMARK [1][-]{section.8.2}{Caricamento del floema}{chapter.8}% 112
\BOOKMARK [2][-]{subsection.8.2.1}{Caricamento simplastico}{section.8.2}% 113
\BOOKMARK [2][-]{subsection.8.2.2}{Caricamento apoplastico}{section.8.2}% 114
\BOOKMARK [1][-]{section.8.3}{Scaricamento del floema}{chapter.8}% 115
\BOOKMARK [2][-]{subsection.8.3.1}{Simplastico}{section.8.3}% 116
\BOOKMARK [2][-]{subsection.8.3.2}{Apoplastico}{section.8.3}% 117
\BOOKMARK [0][-]{chapter.9}{Ormoni vegetali}{}% 118
\BOOKMARK [1][-]{section.9.1}{Auxina}{chapter.9}% 119
\BOOKMARK [2][-]{subsection.9.1.1}{Biosintesi dell'auxina}{section.9.1}% 120
\BOOKMARK [2][-]{subsection.9.1.2}{Localizzazione dell'auxina}{section.9.1}% 121
\BOOKMARK [2][-]{subsection.9.1.3}{Trasporto di auxina}{section.9.1}% 122
\BOOKMARK [1][-]{section.9.2}{Vie di trasduzione dell'auxina : percezione e signaling}{chapter.9}% 123
\BOOKMARK [1][-]{section.9.3}{Effetti fisiologici dell'auxina}{chapter.9}% 124
\BOOKMARK [2][-]{subsection.9.3.1}{Teoria della crescita acida}{section.9.3}% 125
\BOOKMARK [2][-]{subsection.9.3.2}{Modello di Cholodny-Went}{section.9.3}% 126
\BOOKMARK [2][-]{subsection.9.3.3}{Effetti dell'auxina sullo sviluppo}{section.9.3}% 127
\BOOKMARK [0][-]{chapter.10}{Gibberelline}{}% 128
\BOOKMARK [1][-]{section.10.1}{Trasduzione del segnale}{chapter.10}% 129
\BOOKMARK [2][-]{subsection.10.1.1}{Cereali}{section.10.1}% 130
\BOOKMARK [1][-]{section.10.2}{Effetti fisiologici}{chapter.10}% 131
\BOOKMARK [2][-]{subsection.10.2.1}{Effetti sull'allungamento del fusto}{section.10.2}% 132
\BOOKMARK [2][-]{subsection.10.2.2}{Effetti sul passaggio dalla fase giovanile a quella adulta}{section.10.2}% 133
\BOOKMARK [2][-]{subsection.10.2.3}{Effetti sulla maturazione del frutto}{section.10.2}% 134
\BOOKMARK [2][-]{subsection.10.2.4}{Germinazione dell'orzo}{section.10.2}% 135
\BOOKMARK [0][-]{chapter.11}{Citochinine}{}% 136
\BOOKMARK [1][-]{section.11.1}{Struttura delle citochinine}{chapter.11}% 137
\BOOKMARK [1][-]{section.11.2}{Biosintesi delle citochinine}{chapter.11}% 138
\BOOKMARK [2][-]{subsection.11.2.1}{Biosintesi della trans-zeatina}{section.11.2}% 139
\BOOKMARK [2][-]{subsection.11.2.2}{Catabolismo}{section.11.2}% 140
\BOOKMARK [1][-]{section.11.3}{Trasporto delle citochinine nella pianta}{chapter.11}% 141
\BOOKMARK [1][-]{section.11.4}{Trasduzione del segnale}{chapter.11}% 142
\BOOKMARK [2][-]{subsection.11.4.1}{Fosforelay in Arabidopsis}{section.11.4}% 143
\BOOKMARK [1][-]{section.11.5}{Funzioni}{chapter.11}% 144
\BOOKMARK [0][-]{chapter.12}{Etilene: effetti sullo sviluppo e sulla fisiologia delle piante}{}% 145
\BOOKMARK [1][-]{section.12.1}{Senescenza fogliare}{chapter.12}% 146
\BOOKMARK [1][-]{section.12.2}{Difesa}{chapter.12}% 147
\BOOKMARK [0][-]{chapter.13}{Acido Abscissico}{}% 148
\BOOKMARK [1][-]{section.13.1}{Catabolismo}{chapter.13}% 149
\BOOKMARK [1][-]{section.13.2}{Movimenti di ABA nella pianta}{chapter.13}% 150
\BOOKMARK [0][-]{chapter.14}{Fisiologia dello stress}{}% 151
\BOOKMARK [1][-]{section.14.1}{Meccanismi di resistenza allo stress}{chapter.14}% 152
\BOOKMARK [2][-]{subsection.14.1.1}{Bio-membrane}{section.14.1}% 153
\BOOKMARK [1][-]{section.14.2}{Stress da carenza idrica}{chapter.14}% 154
\BOOKMARK [1][-]{section.14.3}{Stress salino}{chapter.14}% 155
\BOOKMARK [1][-]{section.14.4}{Stress da calore}{chapter.14}% 156
\BOOKMARK [2][-]{subsection.14.4.1}{Piante a metabolismo diverso}{section.14.4}% 157
\BOOKMARK [1][-]{section.14.5}{Heat shock proteins}{chapter.14}% 158
\BOOKMARK [1][-]{section.14.6}{Chilling e freezing}{chapter.14}% 159
\BOOKMARK [0][-]{chapter.15}{Stress da metalli pesanti}{}% 160
\BOOKMARK [1][-]{section.15.1}{Stress ossidativo}{chapter.15}% 161
\BOOKMARK [0][-]{chapter.16}{Ecofisiologia della fotosintesi}{}% 162
\BOOKMARK [1][-]{section.16.1}{Fotosintesi: fisiologia ed ecofisiologia}{chapter.16}% 163
\BOOKMARK [1][-]{section.16.2}{Acclimatazione}{chapter.16}% 164
